{"numFailedTestSuites":0,"numFailedTests":0,"numPassedTestSuites":1,"numPassedTests":4,"numPendingTestSuites":0,"numPendingTests":0,"numRuntimeErrorTestSuites":0,"numTodoTests":0,"numTotalTestSuites":1,"numTotalTests":4,"openHandles":[],"snapshot":{"added":0,"didUpdate":false,"failure":false,"filesAdded":0,"filesRemoved":0,"filesRemovedList":[],"filesUnmatched":0,"filesUpdated":0,"matched":0,"total":0,"unchecked":0,"uncheckedKeysByFile":[],"unmatched":0,"updated":0},"startTime":1779468283456,"success":true,"testResults":[{"assertionResults":[{"ancestorTitles":["Auth API Endpoints"],"duration":1204,"failureDetails":[],"failureMessages":[],"fullName":"Auth API Endpoints should register a new user","invocations":1,"location":null,"numPassingAsserts":3,"retryReasons":[],"status":"passed","title":"should register a new user"},{"ancestorTitles":["Auth API Endpoints"],"duration":799,"failureDetails":[],"failureMessages":[],"fullName":"Auth API Endpoints should login with the registered user","invocations":1,"location":null,"numPassingAsserts":2,"retryReasons":[],"status":"passed","title":"should login with the registered user"},{"ancestorTitles":["Auth API Endpoints"],"duration":19,"failureDetails":[],"failureMessages":[],"fullName":"Auth API Endpoints should access protected route /auth/me","invocations":1,"location":null,"numPassingAsserts":2,"retryReasons":[],"status":"passed","title":"should access protected route /auth/me"},{"ancestorTitles":["Auth API Endpoints"],"duration":10,"failureDetails":[],"failureMessages":[],"fullName":"Auth API Endpoints should fail to access protected route without token","invocations":1,"location":null,"numPassingAsserts":1,"retryReasons":[],"status":"passed","title":"should fail to access protected route without token"}],"endTime":1779468287763,"message":"","name":"/Users/christopherjcallaghan/Documents/sites/clubhub/backend/tests/auth.test.js","startTime":1779468283632,"status":"passed","summary":""}],"wasInterrupted":false}
