{"numFailedTestSuites":0,"numFailedTests":0,"numPassedTestSuites":24,"numPassedTests":101,"numPendingTestSuites":2,"numPendingTests":4,"numRuntimeErrorTestSuites":0,"numTodoTests":0,"numTotalTestSuites":26,"numTotalTests":105,"openHandles":[],"snapshot":{"added":0,"didUpdate":false,"failure":false,"filesAdded":0,"filesRemoved":0,"filesRemovedList":[],"filesUnmatched":0,"filesUpdated":0,"matched":0,"total":0,"unchecked":0,"uncheckedKeysByFile":[],"unmatched":0,"updated":0},"startTime":1779557854230,"success":true,"testResults":[{"assertionResults":[{"ancestorTitles":["Camp endpoints (basic smoke tests)"],"duration":null,"failureDetails":[],"failureMessages":[],"fullName":"Camp endpoints (basic smoke tests) should list groups for event (requires real event id)","invocations":1,"location":null,"numPassingAsserts":0,"retryReasons":[],"status":"pending","title":"should list groups for event (requires real event id)"},{"ancestorTitles":["Camp endpoints (basic smoke tests)"],"duration":null,"failureDetails":[],"failureMessages":[],"fullName":"Camp endpoints (basic smoke tests) should export CSV for event (requires real event id)","invocations":1,"location":null,"numPassingAsserts":0,"retryReasons":[],"status":"pending","title":"should export CSV for event (requires real event id)"}],"coverage":{},"endTime":1779557873774,"message":"","name":"/Users/christopherjcallaghan/Documents/sites/clubhub/backend/tests/camp.test.js","startTime":1779557873774,"status":"skipped","summary":""},{"assertionResults":[{"ancestorTitles":["Tournaments demo smoke (skipped by default)"],"duration":null,"failureDetails":[],"failureMessages":[],"fullName":"Tournaments demo smoke (skipped by default) create tournament (requires DB + auth)","invocations":1,"location":null,"numPassingAsserts":0,"retryReasons":[],"status":"pending","title":"create tournament (requires DB + auth)"},{"ancestorTitles":["Tournaments demo smoke (skipped by default)"],"duration":null,"failureDetails":[],"failureMessages":[],"fullName":"Tournaments demo smoke (skipped by default) generate fixtures (requires real event id)","invocations":1,"location":null,"numPassingAsserts":0,"retryReasons":[],"status":"pending","title":"generate fixtures (requires real event id)"}],"coverage":{},"endTime":1779557873774,"message":"","name":"/Users/christopherjcallaghan/Documents/sites/clubhub/backend/tests/tournaments.demo.test.js","startTime":1779557873774,"status":"skipped","summary":""},{"assertionResults":[{"ancestorTitles":["Messages API Endpoints"],"duration":38,"failureDetails":[],"failureMessages":[],"fullName":"Messages API Endpoints should send a message successfully","invocations":1,"location":null,"numPassingAsserts":4,"retryReasons":[],"status":"passed","title":"should send a message successfully"},{"ancestorTitles":["Messages API Endpoints"],"duration":16,"failureDetails":[],"failureMessages":[],"fullName":"Messages API Endpoints should fetch messages for the logged-in user","invocations":1,"location":null,"numPassingAsserts":4,"retryReasons":[],"status":"passed","title":"should fetch messages for the logged-in user"},{"ancestorTitles":["Messages API Endpoints"],"duration":16,"failureDetails":[],"failureMessages":[],"fullName":"Messages API Endpoints should return 400 when no receiverId or content provided","invocations":1,"location":null,"numPassingAsserts":2,"retryReasons":[],"status":"passed","title":"should return 400 when no receiverId or content provided"},{"ancestorTitles":["Messages API Endpoints"],"duration":10,"failureDetails":[],"failureMessages":[],"fullName":"Messages API Endpoints should mark a message as read","invocations":1,"location":null,"numPassingAsserts":2,"retryReasons":[],"status":"passed","title":"should mark a message as read"},{"ancestorTitles":["Messages API Endpoints"],"duration":8,"failureDetails":[],"failureMessages":[],"fullName":"Messages API Endpoints should return 401 without a token","invocations":1,"location":null,"numPassingAsserts":1,"retryReasons":[],"status":"passed","title":"should return 401 without a token"}],"endTime":1779557858148,"message":"","name":"/Users/christopherjcallaghan/Documents/sites/clubhub/backend/tests/messages.test.js","startTime":1779557856215,"status":"passed","summary":""},{"assertionResults":[{"ancestorTitles":["1. Signup Flow"],"duration":3001,"failureDetails":[],"failureMessages":[],"fullName":"1. Signup Flow POST /auth/register → creates a new organisation admin account","invocations":1,"location":null,"numPassingAsserts":4,"retryReasons":[],"status":"passed","title":"POST /auth/register → creates a new organisation admin account"},{"ancestorTitles":["1. Signup Flow"],"duration":321,"failureDetails":[],"failureMessages":[],"fullName":"1. Signup Flow POST /auth/login → logs in with the new credentials","invocations":1,"location":null,"numPassingAsserts":3,"retryReasons":[],"status":"passed","title":"POST /auth/login → logs in with the new credentials"},{"ancestorTitles":["1. Signup Flow"],"duration":34,"failureDetails":[],"failureMessages":[],"fullName":"1. Signup Flow GET /auth/context → returns admin context with correct role","invocations":1,"location":null,"numPassingAsserts":4,"retryReasons":[],"status":"passed","title":"GET /auth/context → returns admin context with correct role"},{"ancestorTitles":["2. Create Member (Player)"],"duration":24,"failureDetails":[],"failureMessages":[],"fullName":"2. Create Member (Player) POST /players → creates a new player with full profile data","invocations":1,"location":null,"numPassingAsserts":2,"retryReasons":[],"status":"passed","title":"POST /players → creates a new player with full profile data"},{"ancestorTitles":["2. Create Member (Player)"],"duration":20,"failureDetails":[],"failureMessages":[],"fullName":"2. Create Member (Player) GET /players → new member appears in the list","invocations":1,"location":null,"numPassingAsserts":4,"retryReasons":[],"status":"passed","title":"GET /players → new member appears in the list"},{"ancestorTitles":["2. Create Member (Player)"],"duration":9,"failureDetails":[],"failureMessages":[],"fullName":"2. Create Member (Player) GET /players/:id → retrieves the created member by ID","invocations":1,"location":null,"numPassingAsserts":3,"retryReasons":[],"status":"passed","title":"GET /players/:id → retrieves the created member by ID"},{"ancestorTitles":["3. Create Venue"],"duration":12,"failureDetails":[],"failureMessages":[],"fullName":"3. Create Venue POST /venues → creates a new venue with address and price","invocations":1,"location":null,"numPassingAsserts":2,"retryReasons":[],"status":"passed","title":"POST /venues → creates a new venue with address and price"},{"ancestorTitles":["3. Create Venue"],"duration":31,"failureDetails":[],"failureMessages":[],"fullName":"3. Create Venue GET /venues → new venue appears in the list","invocations":1,"location":null,"numPassingAsserts":2,"retryReasons":[],"status":"passed","title":"GET /venues → new venue appears in the list"},{"ancestorTitles":["4. Create Event"],"duration":16,"failureDetails":[],"failureMessages":[],"fullName":"4. Create Event POST /events → creates a full event with venue and entry price","invocations":1,"location":null,"numPassingAsserts":2,"retryReasons":[],"status":"passed","title":"POST /events → creates a full event with venue and entry price"},{"ancestorTitles":["4. Create Event"],"duration":27,"failureDetails":[],"failureMessages":[],"fullName":"4. Create Event GET /events → new event appears in the list","invocations":1,"location":null,"numPassingAsserts":2,"retryReasons":[],"status":"passed","title":"GET /events → new event appears in the list"},{"ancestorTitles":["4. Create Event"],"duration":11,"failureDetails":[],"failureMessages":[],"fullName":"4. Create Event GET /events/:id → retrieves the created event by ID","invocations":1,"location":null,"numPassingAsserts":2,"retryReasons":[],"status":"passed","title":"GET /events/:id → retrieves the created event by ID"},{"ancestorTitles":["5. Create Tournament"],"duration":7,"failureDetails":[],"failureMessages":[],"fullName":"5. Create Tournament POST /tournaments → creates a new knockout tournament","invocations":1,"location":null,"numPassingAsserts":2,"retryReasons":[],"status":"passed","title":"POST /tournaments → creates a new knockout tournament"},{"ancestorTitles":["5. Create Tournament"],"duration":4,"failureDetails":[],"failureMessages":[],"fullName":"5. Create Tournament GET /tournaments → new tournament appears in the list","invocations":1,"location":null,"numPassingAsserts":2,"retryReasons":[],"status":"passed","title":"GET /tournaments → new tournament appears in the list"},{"ancestorTitles":["5. Create Tournament"],"duration":37,"failureDetails":[],"failureMessages":[],"fullName":"5. Create Tournament GET /tournaments/:id/dashboard → returns bracket dashboard data","invocations":1,"location":null,"numPassingAsserts":4,"retryReasons":[],"status":"passed","title":"GET /tournaments/:id/dashboard → returns bracket dashboard data"},{"ancestorTitles":["6. Bib Inventory"],"duration":5,"failureDetails":[],"failureMessages":[],"fullName":"6. Bib Inventory GET /bibs → returns array of bib sets","invocations":1,"location":null,"numPassingAsserts":3,"retryReasons":[],"status":"passed","title":"GET /bibs → returns array of bib sets"},{"ancestorTitles":["6. Bib Inventory"],"duration":12,"failureDetails":[],"failureMessages":[],"fullName":"6. Bib Inventory POST /bibs → creates a new bib colour set","invocations":1,"location":null,"numPassingAsserts":2,"retryReasons":[],"status":"passed","title":"POST /bibs → creates a new bib colour set"},{"ancestorTitles":["7. Cleanup (dry-run delete checks)"],"duration":18,"failureDetails":[],"failureMessages":[],"fullName":"7. Cleanup (dry-run delete checks) DELETE /events/:id → removes the test event","invocations":1,"location":null,"numPassingAsserts":1,"retryReasons":[],"status":"passed","title":"DELETE /events/:id → removes the test event"},{"ancestorTitles":["7. Cleanup (dry-run delete checks)"],"duration":5,"failureDetails":[],"failureMessages":[],"fullName":"7. Cleanup (dry-run delete checks) DELETE /tournaments/:id → removes the test tournament","invocations":1,"location":null,"numPassingAsserts":1,"retryReasons":[],"status":"passed","title":"DELETE /tournaments/:id → removes the test tournament"}],"endTime":1779557862240,"message":"","name":"/Users/christopherjcallaghan/Documents/sites/clubhub/backend/tests/integration-flows.test.js","startTime":1779557858573,"status":"passed","summary":""},{"assertionResults":[{"ancestorTitles":["Platform admin scout verifications"],"duration":322,"failureDetails":[],"failureMessages":[],"fullName":"Platform admin scout verifications non-admin cannot list verifications (403)","invocations":1,"location":null,"numPassingAsserts":1,"retryReasons":[],"status":"passed","title":"non-admin cannot list verifications (403)"},{"ancestorTitles":["Platform admin scout verifications"],"duration":60,"failureDetails":[],"failureMessages":[],"fullName":"Platform admin scout verifications admin can list pending verification and resolve it","invocations":1,"location":null,"numPassingAsserts":5,"retryReasons":[],"status":"passed","title":"admin can list pending verification and resolve it"}],"endTime":1779557864389,"message":"","name":"/Users/christopherjcallaghan/Documents/sites/clubhub/backend/tests/platform-scout-verifications.test.js","startTime":1779557862247,"status":"passed","summary":""},{"assertionResults":[{"ancestorTitles":["Staff verify-scout endpoint"],"duration":38,"failureDetails":[],"failureMessages":[],"fullName":"Staff verify-scout endpoint non-owner cannot verify staff (403)","invocations":1,"location":null,"numPassingAsserts":2,"retryReasons":[],"status":"passed","title":"non-owner cannot verify staff (403)"},{"ancestorTitles":["Staff verify-scout endpoint"],"duration":27,"failureDetails":[],"failureMessages":[],"fullName":"Staff verify-scout endpoint owner can verify staff and flag is set","invocations":1,"location":null,"numPassingAsserts":4,"retryReasons":[],"status":"passed","title":"owner can verify staff and flag is set"}],"endTime":1779557866147,"message":"","name":"/Users/christopherjcallaghan/Documents/sites/clubhub/backend/tests/staff-verify.test.js","startTime":1779557864499,"status":"passed","summary":""},{"assertionResults":[{"ancestorTitles":["Auth Access Control"],"duration":15,"failureDetails":[],"failureMessages":[],"fullName":"Auth Access Control should prevent login when user is deactivated","invocations":1,"location":null,"numPassingAsserts":2,"retryReasons":[],"status":"passed","title":"should prevent login when user is deactivated"},{"ancestorTitles":["Auth Access Control"],"duration":282,"failureDetails":[],"failureMessages":[],"fullName":"Auth Access Control should allow login when user is re-activated","invocations":1,"location":null,"numPassingAsserts":2,"retryReasons":[],"status":"passed","title":"should allow login when user is re-activated"}],"endTime":1779557867068,"message":"","name":"/Users/christopherjcallaghan/Documents/sites/clubhub/backend/tests/auth-access.test.js","startTime":1779557866243,"status":"passed","summary":""},{"assertionResults":[{"ancestorTitles":["Full System Integration Flow"],"duration":367,"failureDetails":[],"failureMessages":[],"fullName":"Full System Integration Flow 1. Register Organization Admin","invocations":1,"location":null,"numPassingAsserts":3,"retryReasons":[],"status":"passed","title":"1. Register Organization Admin"},{"ancestorTitles":["Full System Integration Flow"],"duration":21,"failureDetails":[],"failureMessages":[],"fullName":"Full System Integration Flow 2. Create Club (Onboarding)","invocations":1,"location":null,"numPassingAsserts":2,"retryReasons":[],"status":"passed","title":"2. Create Club (Onboarding)"},{"ancestorTitles":["Full System Integration Flow"],"duration":26,"failureDetails":[],"failureMessages":[],"fullName":"Full System Integration Flow 3. Create Team","invocations":1,"location":null,"numPassingAsserts":1,"retryReasons":[],"status":"passed","title":"3. Create Team"},{"ancestorTitles":["Full System Integration Flow"],"duration":27,"failureDetails":[],"failureMessages":[],"fullName":"Full System Integration Flow 4. Create Player","invocations":1,"location":null,"numPassingAsserts":1,"retryReasons":[],"status":"passed","title":"4. Create Player"},{"ancestorTitles":["Full System Integration Flow"],"duration":34,"failureDetails":[],"failureMessages":[],"fullName":"Full System Integration Flow 5. Assign Player to Team","invocations":1,"location":null,"numPassingAsserts":2,"retryReasons":[],"status":"passed","title":"5. Assign Player to Team"},{"ancestorTitles":["Full System Integration Flow"],"duration":29,"failureDetails":[],"failureMessages":[],"fullName":"Full System Integration Flow 6. Create Event (Match)","invocations":1,"location":null,"numPassingAsserts":1,"retryReasons":[],"status":"passed","title":"6. Create Event (Match)"},{"ancestorTitles":["Full System Integration Flow"],"duration":123,"failureDetails":[],"failureMessages":[],"fullName":"Full System Integration Flow 7. Super Admin Visibility (Activity Feed)","invocations":1,"location":null,"numPassingAsserts":2,"retryReasons":[],"status":"passed","title":"7. Super Admin Visibility (Activity Feed)"},{"ancestorTitles":["Full System Integration Flow"],"duration":2,"failureDetails":[],"failureMessages":[],"fullName":"Full System Integration Flow 8. Stripe Connection Simulation","invocations":1,"location":null,"numPassingAsserts":0,"retryReasons":[],"status":"passed","title":"8. Stripe Connection Simulation"}],"endTime":1779557868471,"message":"","name":"/Users/christopherjcallaghan/Documents/sites/clubhub/backend/tests/full-flow.test.js","startTime":1779557867151,"status":"passed","summary":""},{"assertionResults":[{"ancestorTitles":["Auth API Endpoints"],"duration":405,"failureDetails":[],"failureMessages":[],"fullName":"Auth API Endpoints should register a new user","invocations":1,"location":null,"numPassingAsserts":3,"retryReasons":[],"status":"passed","title":"should register a new user"},{"ancestorTitles":["Auth API Endpoints"],"duration":318,"failureDetails":[],"failureMessages":[],"fullName":"Auth API Endpoints should login with the registered user","invocations":1,"location":null,"numPassingAsserts":2,"retryReasons":[],"status":"passed","title":"should login with the registered user"},{"ancestorTitles":["Auth API Endpoints"],"duration":11,"failureDetails":[],"failureMessages":[],"fullName":"Auth API Endpoints should access protected route /auth/me","invocations":1,"location":null,"numPassingAsserts":2,"retryReasons":[],"status":"passed","title":"should access protected route /auth/me"},{"ancestorTitles":["Auth API Endpoints"],"duration":4,"failureDetails":[],"failureMessages":[],"fullName":"Auth API Endpoints should fail to access protected route without token","invocations":1,"location":null,"numPassingAsserts":1,"retryReasons":[],"status":"passed","title":"should fail to access protected route without token"}],"endTime":1779557869578,"message":"","name":"/Users/christopherjcallaghan/Documents/sites/clubhub/backend/tests/auth.test.js","startTime":1779557868570,"status":"passed","summary":""},{"assertionResults":[{"ancestorTitles":["Payments API Integration Tests (Mocked)"],"duration":339,"failureDetails":[],"failureMessages":[],"fullName":"Payments API Integration Tests (Mocked) should register a user and create an organization","invocations":1,"location":null,"numPassingAsserts":2,"retryReasons":[],"status":"passed","title":"should register a user and create an organization"},{"ancestorTitles":["Payments API Integration Tests (Mocked)"],"duration":4,"failureDetails":[],"failureMessages":[],"fullName":"Payments API Integration Tests (Mocked) should check if Stripe is configured and active","invocations":1,"location":null,"numPassingAsserts":2,"retryReasons":[],"status":"passed","title":"should check if Stripe is configured and active"},{"ancestorTitles":["Payments API Integration Tests (Mocked)"],"duration":5,"failureDetails":[],"failureMessages":[],"fullName":"Payments API Integration Tests (Mocked) should create a payment plan","invocations":1,"location":null,"numPassingAsserts":2,"retryReasons":[],"status":"passed","title":"should create a payment plan"},{"ancestorTitles":["Payments API Integration Tests (Mocked)"],"duration":5,"failureDetails":[],"failureMessages":[],"fullName":"Payments API Integration Tests (Mocked) should fetch plans","invocations":1,"location":null,"numPassingAsserts":2,"retryReasons":[],"status":"passed","title":"should fetch plans"}],"endTime":1779557870280,"message":"","name":"/Users/christopherjcallaghan/Documents/sites/clubhub/backend/tests/payments.test.js","startTime":1779557869752,"status":"passed","summary":""},{"assertionResults":[{"ancestorTitles":["Health Endpoints"],"duration":18,"failureDetails":[],"failureMessages":[],"fullName":"Health Endpoints GET /health should return 200 OK","invocations":1,"location":null,"numPassingAsserts":2,"retryReasons":[],"status":"passed","title":"GET /health should return 200 OK"},{"ancestorTitles":["Health Endpoints"],"duration":7,"failureDetails":[],"failureMessages":[],"fullName":"Health Endpoints GET /api/health should return 200 healthy","invocations":1,"location":null,"numPassingAsserts":2,"retryReasons":[],"status":"passed","title":"GET /api/health should return 200 healthy"}],"endTime":1779557870762,"message":"","name":"/Users/christopherjcallaghan/Documents/sites/clubhub/backend/tests/health.test.js","startTime":1779557870289,"status":"passed","summary":""},{"assertionResults":[{"ancestorTitles":["🛡️ STRIPE CONNECT SAFETY TESTS","✅ Stripe Connect Account Linking"],"duration":6,"failureDetails":[],"failureMessages":[],"fullName":"🛡️ STRIPE CONNECT SAFETY TESTS ✅ Stripe Connect Account Linking should fetch connect status WITHOUT charging","invocations":1,"location":null,"numPassingAsserts":3,"retryReasons":[],"status":"passed","title":"should fetch connect status WITHOUT charging"},{"ancestorTitles":["🛡️ STRIPE CONNECT SAFETY TESTS","✅ Stripe Connect Account Linking"],"duration":6,"failureDetails":[],"failureMessages":[],"fullName":"🛡️ STRIPE CONNECT SAFETY TESTS ✅ Stripe Connect Account Linking should NOT expose payment processing endpoints (Safety Check)","invocations":1,"location":null,"numPassingAsserts":2,"retryReasons":[],"status":"passed","title":"should NOT expose payment processing endpoints (Safety Check)"},{"ancestorTitles":["🛡️ STRIPE CONNECT SAFETY TESTS","✅ Payment Plan Management (No Charging)"],"duration":9,"failureDetails":[],"failureMessages":[],"fullName":"🛡️ STRIPE CONNECT SAFETY TESTS ✅ Payment Plan Management (No Charging) should create payment plan WITHOUT charging cards","invocations":1,"location":null,"numPassingAsserts":4,"retryReasons":[],"status":"passed","title":"should create payment plan WITHOUT charging cards"},{"ancestorTitles":["🛡️ STRIPE CONNECT SAFETY TESTS","🔴 CRITICAL: Payment Processing Blocked"],"duration":4,"failureDetails":[],"failureMessages":[],"fullName":"🛡️ STRIPE CONNECT SAFETY TESTS 🔴 CRITICAL: Payment Processing Blocked should block payment intent creation when flag is false","invocations":1,"location":null,"numPassingAsserts":2,"retryReasons":[],"status":"passed","title":"should block payment intent creation when flag is false"},{"ancestorTitles":["🛡️ STRIPE CONNECT SAFETY TESTS","🔍 Stripe API Call Verification"],"duration":7,"failureDetails":[],"failureMessages":[],"fullName":"🛡️ STRIPE CONNECT SAFETY TESTS 🔍 Stripe API Call Verification should NEVER call stripe.paymentIntents.create during normal operations","invocations":1,"location":null,"numPassingAsserts":2,"retryReasons":[],"status":"passed","title":"should NEVER call stripe.paymentIntents.create during normal operations"}],"endTime":1779557871140,"message":"","name":"/Users/christopherjcallaghan/Documents/sites/clubhub/backend/tests/stripe-connect-safety.test.js","startTime":1779557870849,"status":"passed","summary":""},{"assertionResults":[{"ancestorTitles":["Stripe CRUD Enhancements"],"duration":6,"failureDetails":[],"failureMessages":[],"fullName":"Stripe CRUD Enhancements 1. GET /stripe/connect/status triggers Auto-Sync if 0 plans","invocations":1,"location":null,"numPassingAsserts":4,"retryReasons":[],"status":"passed","title":"1. GET /stripe/connect/status triggers Auto-Sync if 0 plans"},{"ancestorTitles":["Stripe CRUD Enhancements"],"duration":7,"failureDetails":[],"failureMessages":[],"fullName":"Stripe CRUD Enhancements 2. PUT /plans/:id updates Stripe Product","invocations":1,"location":null,"numPassingAsserts":2,"retryReasons":[],"status":"passed","title":"2. PUT /plans/:id updates Stripe Product"},{"ancestorTitles":["Stripe CRUD Enhancements"],"duration":4,"failureDetails":[],"failureMessages":[],"fullName":"Stripe CRUD Enhancements 3. DELETE /plans/:id archives Stripe Product & Price","invocations":1,"location":null,"numPassingAsserts":3,"retryReasons":[],"status":"passed","title":"3. DELETE /plans/:id archives Stripe Product & Price"}],"endTime":1779557871404,"message":"","name":"/Users/christopherjcallaghan/Documents/sites/clubhub/backend/tests/feature-stripe-enhancements.test.js","startTime":1779557871249,"status":"passed","summary":""},{"assertionResults":[{"ancestorTitles":["Platform Admin - Search Stripe Link"],"duration":175,"failureDetails":[],"failureMessages":[],"fullName":"Platform Admin - Search Stripe Link Onboard NEW Club but EXISTING Stripe Account links automatically via Search","invocations":1,"location":null,"numPassingAsserts":4,"retryReasons":[],"status":"passed","title":"Onboard NEW Club but EXISTING Stripe Account links automatically via Search"}],"endTime":1779557871818,"message":"","name":"/Users/christopherjcallaghan/Documents/sites/clubhub/backend/tests/feature-onboard-search-stripe.test.js","startTime":1779557871498,"status":"passed","summary":""},{"assertionResults":[{"ancestorTitles":["Invite Flow - Complete Test Suite"],"duration":24,"failureDetails":[],"failureMessages":[],"fullName":"Invite Flow - Complete Test Suite 1. Generate Email Invite - Success","invocations":1,"location":null,"numPassingAsserts":5,"retryReasons":[],"status":"passed","title":"1. Generate Email Invite - Success"},{"ancestorTitles":["Invite Flow - Complete Test Suite"],"duration":9,"failureDetails":[],"failureMessages":[],"fullName":"Invite Flow - Complete Test Suite 2. Generate Shareable Link - Success","invocations":1,"location":null,"numPassingAsserts":4,"retryReasons":[],"status":"passed","title":"2. Generate Shareable Link - Success"},{"ancestorTitles":["Invite Flow - Complete Test Suite"],"duration":3,"failureDetails":[],"failureMessages":[],"fullName":"Invite Flow - Complete Test Suite 3. Get Invite Details - Public Endpoint","invocations":1,"location":null,"numPassingAsserts":4,"retryReasons":[],"status":"passed","title":"3. Get Invite Details - Public Endpoint"},{"ancestorTitles":["Invite Flow - Complete Test Suite"],"duration":4,"failureDetails":[],"failureMessages":[],"fullName":"Invite Flow - Complete Test Suite 4. Generate Invite - Requires Auth","invocations":1,"location":null,"numPassingAsserts":1,"retryReasons":[],"status":"passed","title":"4. Generate Invite - Requires Auth"},{"ancestorTitles":["Invite Flow - Complete Test Suite"],"duration":6,"failureDetails":[],"failureMessages":[],"fullName":"Invite Flow - Complete Test Suite 5. Generate Invite - Validates Club Role","invocations":1,"location":null,"numPassingAsserts":2,"retryReasons":[],"status":"passed","title":"5. Generate Invite - Validates Club Role"}],"endTime":1779557872100,"message":"","name":"/Users/christopherjcallaghan/Documents/sites/clubhub/backend/tests/feature-invite-flow.test.js","startTime":1779557871911,"status":"passed","summary":""},{"assertionResults":[{"ancestorTitles":["Planner (Events) API Tests"],"duration":18,"failureDetails":[],"failureMessages":[],"fullName":"Planner (Events) API Tests 1. Create Event Success","invocations":1,"location":null,"numPassingAsserts":2,"retryReasons":[],"status":"passed","title":"1. Create Event Success"},{"ancestorTitles":["Planner (Events) API Tests"],"duration":6,"failureDetails":[],"failureMessages":[],"fullName":"Planner (Events) API Tests 2. Get Events Success with Calculated Spots","invocations":1,"location":null,"numPassingAsserts":3,"retryReasons":[],"status":"passed","title":"2. Get Events Success with Calculated Spots"},{"ancestorTitles":["Planner (Events) API Tests"],"duration":4,"failureDetails":[],"failureMessages":[],"fullName":"Planner (Events) API Tests 3. Get Specific Event Success","invocations":1,"location":null,"numPassingAsserts":3,"retryReasons":[],"status":"passed","title":"3. Get Specific Event Success"},{"ancestorTitles":["Planner (Events) API Tests"],"duration":4,"failureDetails":[],"failureMessages":[],"fullName":"Planner (Events) API Tests 4. Create Recurring Events","invocations":1,"location":null,"numPassingAsserts":3,"retryReasons":[],"status":"passed","title":"4. Create Recurring Events"},{"ancestorTitles":["Planner (Events) API Tests"],"duration":4,"failureDetails":[],"failureMessages":[],"fullName":"Planner (Events) API Tests 5. Prevent Booking Past Events","invocations":1,"location":null,"numPassingAsserts":2,"retryReasons":[],"status":"passed","title":"5. Prevent Booking Past Events"}],"endTime":1779557872456,"message":"","name":"/Users/christopherjcallaghan/Documents/sites/clubhub/backend/tests/planner.test.js","startTime":1779557872198,"status":"passed","summary":""},{"assertionResults":[{"ancestorTitles":["Public Registration Flow (Simple Mocks)"],"duration":9,"failureDetails":[],"failureMessages":[],"fullName":"Public Registration Flow (Simple Mocks) 1. Parent Registration Success","invocations":1,"location":null,"numPassingAsserts":1,"retryReasons":[],"status":"passed","title":"1. Parent Registration Success"},{"ancestorTitles":["Public Registration Flow (Simple Mocks)"],"duration":4,"failureDetails":[],"failureMessages":[],"fullName":"Public Registration Flow (Simple Mocks) 2. Organization Registration Success","invocations":1,"location":null,"numPassingAsserts":1,"retryReasons":[],"status":"passed","title":"2. Organization Registration Success"},{"ancestorTitles":["Public Registration Flow (Simple Mocks)"],"duration":4,"failureDetails":[],"failureMessages":[],"fullName":"Public Registration Flow (Simple Mocks) 3. Login Success","invocations":1,"location":null,"numPassingAsserts":1,"retryReasons":[],"status":"passed","title":"3. Login Success"},{"ancestorTitles":["Public Registration Flow (Simple Mocks)"],"duration":4,"failureDetails":[],"failureMessages":[],"fullName":"Public Registration Flow (Simple Mocks) 4. Duplicate Fails","invocations":1,"location":null,"numPassingAsserts":1,"retryReasons":[],"status":"passed","title":"4. Duplicate Fails"}],"endTime":1779557872727,"message":"","name":"/Users/christopherjcallaghan/Documents/sites/clubhub/backend/tests/feature-public-signup.test.js","startTime":1779557872545,"status":"passed","summary":""},{"assertionResults":[{"ancestorTitles":["Platform Admin - Existing Stripe Link"],"duration":6,"failureDetails":[],"failureMessages":[],"fullName":"Platform Admin - Existing Stripe Link Onboard Club with Existing User Auto-Links Stripe Account","invocations":1,"location":null,"numPassingAsserts":4,"retryReasons":[],"status":"passed","title":"Onboard Club with Existing User Auto-Links Stripe Account"}],"endTime":1779557872934,"message":"","name":"/Users/christopherjcallaghan/Documents/sites/clubhub/backend/tests/feature-onboard-existing-stripe.test.js","startTime":1779557872795,"status":"passed","summary":""},{"assertionResults":[{"ancestorTitles":["Super Admin & Sync Features (Unit Tests)"],"duration":7,"failureDetails":[],"failureMessages":[],"fullName":"Super Admin & Sync Features (Unit Tests) 1. POST /api/platform-admin/onboard-club - Success","invocations":1,"location":null,"numPassingAsserts":3,"retryReasons":[],"status":"passed","title":"1. POST /api/platform-admin/onboard-club - Success"},{"ancestorTitles":["Super Admin & Sync Features (Unit Tests)"],"duration":5,"failureDetails":[],"failureMessages":[],"fullName":"Super Admin & Sync Features (Unit Tests) 2. POST /api/payments/plans/import - Success","invocations":1,"location":null,"numPassingAsserts":3,"retryReasons":[],"status":"passed","title":"2. POST /api/payments/plans/import - Success"}],"endTime":1779557873120,"message":"","name":"/Users/christopherjcallaghan/Documents/sites/clubhub/backend/tests/feature-super-admin-sync.test.js","startTime":1779557873002,"status":"passed","summary":""},{"assertionResults":[{"ancestorTitles":["Tournaments API"],"duration":11,"failureDetails":[],"failureMessages":[],"fullName":"Tournaments API should create a new tournament","invocations":1,"location":null,"numPassingAsserts":4,"retryReasons":[],"status":"passed","title":"should create a new tournament"},{"ancestorTitles":["Tournaments API"],"duration":3,"failureDetails":[],"failureMessages":[],"fullName":"Tournaments API should fetch a tournament dashboard","invocations":1,"location":null,"numPassingAsserts":4,"retryReasons":[],"status":"passed","title":"should fetch a tournament dashboard"},{"ancestorTitles":["Tournaments API"],"duration":4,"failureDetails":[],"failureMessages":[],"fullName":"Tournaments API should upload and update match video","invocations":1,"location":null,"numPassingAsserts":2,"retryReasons":[],"status":"passed","title":"should upload and update match video"}],"endTime":1779557873259,"message":"","name":"/Users/christopherjcallaghan/Documents/sites/clubhub/backend/tests/tournaments.test.js","startTime":1779557873188,"status":"passed","summary":""},{"assertionResults":[{"ancestorTitles":["Events API Integration Tests","POST /api/events"],"duration":13,"failureDetails":[],"failureMessages":[],"fullName":"Events API Integration Tests POST /api/events should successfully create a single event","invocations":1,"location":null,"numPassingAsserts":3,"retryReasons":[],"status":"passed","title":"should successfully create a single event"},{"ancestorTitles":["Events API Integration Tests","GET /api/events"],"duration":4,"failureDetails":[],"failureMessages":[],"fullName":"Events API Integration Tests GET /api/events should list events for the authenticated user","invocations":1,"location":null,"numPassingAsserts":2,"retryReasons":[],"status":"passed","title":"should list events for the authenticated user"},{"ancestorTitles":["Events API Integration Tests","GET /api/events/:id/availability"],"duration":4,"failureDetails":[],"failureMessages":[],"fullName":"Events API Integration Tests GET /api/events/:id/availability should return availability responses for an event","invocations":1,"location":null,"numPassingAsserts":3,"retryReasons":[],"status":"passed","title":"should return availability responses for an event"}],"endTime":1779557873329,"message":"","name":"/Users/christopherjcallaghan/Documents/sites/clubhub/backend/tests/events.test.js","startTime":1779557873261,"status":"passed","summary":""},{"assertionResults":[{"ancestorTitles":["Tournament Bracket Generation Logic"],"duration":44,"failureDetails":[],"failureMessages":[],"fullName":"Tournament Bracket Generation Logic should generate a full 3-round bracket for 8 teams","invocations":1,"location":null,"numPassingAsserts":2,"retryReasons":[],"status":"passed","title":"should generate a full 3-round bracket for 8 teams"},{"ancestorTitles":["Tournament Bracket Generation Logic"],"duration":6,"failureDetails":[],"failureMessages":[],"fullName":"Tournament Bracket Generation Logic should handle byes for 6 teams","invocations":1,"location":null,"numPassingAsserts":1,"retryReasons":[],"status":"passed","title":"should handle byes for 6 teams"}],"endTime":1779557873453,"message":"","name":"/Users/christopherjcallaghan/Documents/sites/clubhub/backend/tests/bracket-generation.test.js","startTime":1779557873330,"status":"passed","summary":""},{"assertionResults":[{"ancestorTitles":["TacticalLogic"],"duration":1,"failureDetails":[],"failureMessages":[],"fullName":"TacticalLogic getFormationPositions returns correct number of players (11)","invocations":1,"location":null,"numPassingAsserts":1,"retryReasons":[],"status":"passed","title":"getFormationPositions returns correct number of players (11)"},{"ancestorTitles":["TacticalLogic"],"duration":1,"failureDetails":[],"failureMessages":[],"fullName":"TacticalLogic getFormationPositions defaults to 4-4-2 for unknown formation","invocations":1,"location":null,"numPassingAsserts":1,"retryReasons":[],"status":"passed","title":"getFormationPositions defaults to 4-4-2 for unknown formation"},{"ancestorTitles":["TacticalLogic"],"duration":4,"failureDetails":[],"failureMessages":[],"fullName":"TacticalLogic normalizeCoordinate keeps value within bounds","invocations":1,"location":null,"numPassingAsserts":3,"retryReasons":[],"status":"passed","title":"normalizeCoordinate keeps value within bounds"},{"ancestorTitles":["TacticalLogic"],"duration":2,"failureDetails":[],"failureMessages":[],"fullName":"TacticalLogic snapToGrid rounds to nearest step","invocations":1,"location":null,"numPassingAsserts":3,"retryReasons":[],"status":"passed","title":"snapToGrid rounds to nearest step"},{"ancestorTitles":["TacticalLogic"],"duration":10,"failureDetails":[],"failureMessages":[],"fullName":"TacticalLogic Formations have valid coordinates (0-100)","invocations":1,"location":null,"numPassingAsserts":176,"retryReasons":[],"status":"passed","title":"Formations have valid coordinates (0-100)"}],"endTime":1779557873506,"message":"","name":"/Users/christopherjcallaghan/Documents/sites/clubhub/frontend/tactical-logic.test.js","startTime":1779557873461,"status":"passed","summary":""},{"assertionResults":[{"ancestorTitles":["Email service"],"duration":4,"failureDetails":[],"failureMessages":[],"fullName":"Email service sends parental approval email (mocked)","invocations":1,"location":null,"numPassingAsserts":3,"retryReasons":[],"status":"passed","title":"sends parental approval email (mocked)"}],"endTime":1779557873545,"message":"","name":"/Users/christopherjcallaghan/Documents/sites/clubhub/backend/tests/email-service.test.js","startTime":1779557873512,"status":"passed","summary":""},{"assertionResults":[{"ancestorTitles":["Form Builder Logic"],"duration":1,"failureDetails":[],"failureMessages":[],"fullName":"Form Builder Logic should add different field types correctly","invocations":1,"location":null,"numPassingAsserts":6,"retryReasons":[],"status":"passed","title":"should add different field types correctly"},{"ancestorTitles":["Form Builder Logic"],"duration":1,"failureDetails":[],"failureMessages":[],"fullName":"Form Builder Logic should delete field and update selection correctly","invocations":1,"location":null,"numPassingAsserts":5,"retryReasons":[],"status":"passed","title":"should delete field and update selection correctly"},{"ancestorTitles":["Form Builder Logic"],"duration":1,"failureDetails":[],"failureMessages":[],"fullName":"Form Builder Logic should update field properties correctly","invocations":1,"location":null,"numPassingAsserts":2,"retryReasons":[],"status":"passed","title":"should update field properties correctly"},{"ancestorTitles":["Form Builder Logic"],"duration":0,"failureDetails":[],"failureMessages":[],"fullName":"Form Builder Logic should handle adding, removing, and updating options for select fields","invocations":1,"location":null,"numPassingAsserts":3,"retryReasons":[],"status":"passed","title":"should handle adding, removing, and updating options for select fields"},{"ancestorTitles":["Form Builder Logic"],"duration":1,"failureDetails":[],"failureMessages":[],"fullName":"Form Builder Logic should handle row drop (reordering fields via drag-and-drop)","invocations":1,"location":null,"numPassingAsserts":4,"retryReasons":[],"status":"passed","title":"should handle row drop (reordering fields via drag-and-drop)"}],"endTime":1779557873568,"message":"","name":"/Users/christopherjcallaghan/Documents/sites/clubhub/frontend/form-builder.test.js","startTime":1779557873547,"status":"passed","summary":""},{"assertionResults":[{"ancestorTitles":["computeNumRounds helper"],"duration":1,"failureDetails":[],"failureMessages":[],"fullName":"computeNumRounds helper computeNumRounds(2) => 1","invocations":1,"location":null,"numPassingAsserts":1,"retryReasons":[],"status":"passed","title":"computeNumRounds(2) => 1"},{"ancestorTitles":["computeNumRounds helper"],"duration":0,"failureDetails":[],"failureMessages":[],"fullName":"computeNumRounds helper computeNumRounds(3) => 2","invocations":1,"location":null,"numPassingAsserts":1,"retryReasons":[],"status":"passed","title":"computeNumRounds(3) => 2"},{"ancestorTitles":["computeNumRounds helper"],"duration":0,"failureDetails":[],"failureMessages":[],"fullName":"computeNumRounds helper computeNumRounds(4) => 2","invocations":1,"location":null,"numPassingAsserts":1,"retryReasons":[],"status":"passed","title":"computeNumRounds(4) => 2"},{"ancestorTitles":["computeNumRounds helper"],"duration":1,"failureDetails":[],"failureMessages":[],"fullName":"computeNumRounds helper computeNumRounds(5) => 3","invocations":1,"location":null,"numPassingAsserts":1,"retryReasons":[],"status":"passed","title":"computeNumRounds(5) => 3"},{"ancestorTitles":["computeNumRounds helper"],"duration":0,"failureDetails":[],"failureMessages":[],"fullName":"computeNumRounds helper computeNumRounds(6) => 3","invocations":1,"location":null,"numPassingAsserts":1,"retryReasons":[],"status":"passed","title":"computeNumRounds(6) => 3"},{"ancestorTitles":["computeNumRounds helper"],"duration":0,"failureDetails":[],"failureMessages":[],"fullName":"computeNumRounds helper computeNumRounds(7) => 3","invocations":1,"location":null,"numPassingAsserts":1,"retryReasons":[],"status":"passed","title":"computeNumRounds(7) => 3"},{"ancestorTitles":["computeNumRounds helper"],"duration":0,"failureDetails":[],"failureMessages":[],"fullName":"computeNumRounds helper computeNumRounds(8) => 3","invocations":1,"location":null,"numPassingAsserts":1,"retryReasons":[],"status":"passed","title":"computeNumRounds(8) => 3"},{"ancestorTitles":["computeNumRounds helper"],"duration":1,"failureDetails":[],"failureMessages":[],"fullName":"computeNumRounds helper computeNumRounds(9) => 4","invocations":1,"location":null,"numPassingAsserts":1,"retryReasons":[],"status":"passed","title":"computeNumRounds(9) => 4"},{"ancestorTitles":["computeNumRounds helper"],"duration":0,"failureDetails":[],"failureMessages":[],"fullName":"computeNumRounds helper computeNumRounds(16) => 4","invocations":1,"location":null,"numPassingAsserts":1,"retryReasons":[],"status":"passed","title":"computeNumRounds(16) => 4"}],"endTime":1779557873588,"message":"","name":"/Users/christopherjcallaghan/Documents/sites/clubhub/backend/tests/bracket.test.js","startTime":1779557873572,"status":"passed","summary":""}],"wasInterrupted":false}
