{"numFailedTestSuites":1,"numFailedTests":3,"numPassedTestSuites":23,"numPassedTests":98,"numPendingTestSuites":2,"numPendingTests":4,"numRuntimeErrorTestSuites":1,"numTodoTests":0,"numTotalTestSuites":26,"numTotalTests":105,"openHandles":[],"snapshot":{"added":0,"didUpdate":false,"failure":false,"filesAdded":0,"filesRemoved":0,"filesRemovedList":[],"filesUnmatched":0,"filesUpdated":0,"matched":0,"total":0,"unchecked":0,"uncheckedKeysByFile":[],"unmatched":0,"updated":0},"startTime":1779468449691,"success":false,"testResults":[{"assertionResults":[{"ancestorTitles":["Messages API Endpoints"],"duration":50,"failureDetails":[{"matcherResult":{"actual":403,"expected":201,"message":"\u001b[2mexpect(\u001b[22m\u001b[31mreceived\u001b[39m\u001b[2m).\u001b[22mtoEqual\u001b[2m(\u001b[22m\u001b[32mexpected\u001b[39m\u001b[2m) // deep equality\u001b[22m\n\nExpected: \u001b[32m201\u001b[39m\nReceived: \u001b[31m403\u001b[39m","name":"toEqual","pass":false}}],"failureMessages":["Error: \u001b[2mexpect(\u001b[22m\u001b[31mreceived\u001b[39m\u001b[2m).\u001b[22mtoEqual\u001b[2m(\u001b[22m\u001b[32mexpected\u001b[39m\u001b[2m) // deep equality\u001b[22m\n\nExpected: \u001b[32m201\u001b[39m\nReceived: \u001b[31m403\u001b[39m\n    at Object.toEqual (/Users/christopherjcallaghan/Documents/sites/clubhub/backend/tests/messages.test.js:90:28)\n    at processTicksAndRejections (node:internal/process/task_queues:104:5)"],"fullName":"Messages API Endpoints should send a message successfully","invocations":1,"location":null,"numPassingAsserts":0,"retryReasons":[],"status":"failed","title":"should send a message successfully"},{"ancestorTitles":["Messages API Endpoints"],"duration":18,"failureDetails":[{"matcherResult":{"message":"\u001b[2mexpect(\u001b[22m\u001b[31mreceived\u001b[39m\u001b[2m).\u001b[22mtoBeDefined\u001b[2m()\u001b[22m\n\nReceived: \u001b[31mundefined\u001b[39m","pass":false}}],"failureMessages":["Error: \u001b[2mexpect(\u001b[22m\u001b[31mreceived\u001b[39m\u001b[2m).\u001b[22mtoBeDefined\u001b[2m()\u001b[22m\n\nReceived: \u001b[31mundefined\u001b[39m\n    at Object.toBeDefined (/Users/christopherjcallaghan/Documents/sites/clubhub/backend/tests/messages.test.js:105:19)\n    at processTicksAndRejections (node:internal/process/task_queues:104:5)"],"fullName":"Messages API Endpoints should fetch messages for the logged-in user","invocations":1,"location":null,"numPassingAsserts":2,"retryReasons":[],"status":"failed","title":"should fetch messages for the logged-in user"},{"ancestorTitles":["Messages API Endpoints"],"duration":15,"failureDetails":[],"failureMessages":[],"fullName":"Messages API Endpoints should return 400 when no receiverId or content provided","invocations":1,"location":null,"numPassingAsserts":2,"retryReasons":[],"status":"passed","title":"should return 400 when no receiverId or content provided"},{"ancestorTitles":["Messages API Endpoints"],"duration":507,"failureDetails":[{"matcherResult":{"actual":500,"expected":200,"message":"\u001b[2mexpect(\u001b[22m\u001b[31mreceived\u001b[39m\u001b[2m).\u001b[22mtoEqual\u001b[2m(\u001b[22m\u001b[32mexpected\u001b[39m\u001b[2m) // deep equality\u001b[22m\n\nExpected: \u001b[32m200\u001b[39m\nReceived: \u001b[31m500\u001b[39m","name":"toEqual","pass":false}}],"failureMessages":["Error: \u001b[2mexpect(\u001b[22m\u001b[31mreceived\u001b[39m\u001b[2m).\u001b[22mtoEqual\u001b[2m(\u001b[22m\u001b[32mexpected\u001b[39m\u001b[2m) // deep equality\u001b[22m\n\nExpected: \u001b[32m200\u001b[39m\nReceived: \u001b[31m500\u001b[39m\n    at Object.toEqual (/Users/christopherjcallaghan/Documents/sites/clubhub/backend/tests/messages.test.js:137:28)\n    at processTicksAndRejections (node:internal/process/task_queues:104:5)"],"fullName":"Messages API Endpoints should mark a message as read","invocations":1,"location":null,"numPassingAsserts":0,"retryReasons":[],"status":"failed","title":"should mark a message as read"},{"ancestorTitles":["Messages API Endpoints"],"duration":10,"failureDetails":[],"failureMessages":[],"fullName":"Messages API Endpoints should return 401 without a token","invocations":1,"location":null,"numPassingAsserts":1,"retryReasons":[],"status":"passed","title":"should return 401 without a token"}],"coverage":{},"endTime":1779468491417,"message":"\u001b[1m\u001b[31m  \u001b[1m● \u001b[22m\u001b[1mMessages API Endpoints › should send a message successfully\u001b[39m\u001b[22m\n\n    \u001b[2mexpect(\u001b[22m\u001b[31mreceived\u001b[39m\u001b[2m).\u001b[22mtoEqual\u001b[2m(\u001b[22m\u001b[32mexpected\u001b[39m\u001b[2m) // deep equality\u001b[22m\n\n    Expected: \u001b[32m201\u001b[39m\n    Received: \u001b[31m403\u001b[39m\n\u001b[2m\u001b[22m\n\u001b[2m    \u001b[0m \u001b[90m 88 |\u001b[39m       })\u001b[33m;\u001b[39m\u001b[22m\n\u001b[2m     \u001b[90m 89 |\u001b[39m\u001b[22m\n\u001b[2m    \u001b[31m\u001b[1m>\u001b[22m\u001b[2m\u001b[39m\u001b[90m 90 |\u001b[39m     expect(res\u001b[33m.\u001b[39mstatusCode)\u001b[33m.\u001b[39mtoEqual(\u001b[35m201\u001b[39m)\u001b[33m;\u001b[39m\u001b[22m\n\u001b[2m     \u001b[90m    |\u001b[39m                            \u001b[31m\u001b[1m^\u001b[22m\u001b[2m\u001b[39m\u001b[22m\n\u001b[2m     \u001b[90m 91 |\u001b[39m     expect(res\u001b[33m.\u001b[39mbody)\u001b[33m.\u001b[39mtoHaveProperty(\u001b[32m\"success\"\u001b[39m\u001b[33m,\u001b[39m \u001b[36mtrue\u001b[39m)\u001b[33m;\u001b[39m\u001b[22m\n\u001b[2m     \u001b[90m 92 |\u001b[39m     expect(res\u001b[33m.\u001b[39mbody\u001b[33m.\u001b[39mdata)\u001b[33m.\u001b[39mtoHaveProperty(\u001b[32m\"id\"\u001b[39m)\u001b[33m;\u001b[39m\u001b[22m\n\u001b[2m     \u001b[90m 93 |\u001b[39m     expect(res\u001b[33m.\u001b[39mbody\u001b[33m.\u001b[39mdata)\u001b[33m.\u001b[39mtoHaveProperty(\u001b[32m\"content\"\u001b[39m\u001b[33m,\u001b[39m \u001b[32m\"Hey, integration test message!\"\u001b[39m)\u001b[33m;\u001b[39m\u001b[0m\u001b[22m\n\u001b[2m\u001b[22m\n\u001b[2m      \u001b[2mat Object.toEqual (\u001b[22m\u001b[2m\u001b[0m\u001b[36mbackend/tests/messages.test.js\u001b[39m\u001b[0m\u001b[2m:90:28)\u001b[22m\u001b[2m\u001b[22m\n\n\u001b[1m\u001b[31m  \u001b[1m● \u001b[22m\u001b[1mMessages API Endpoints › should fetch messages for the logged-in user\u001b[39m\u001b[22m\n\n    \u001b[2mexpect(\u001b[22m\u001b[31mreceived\u001b[39m\u001b[2m).\u001b[22mtoBeDefined\u001b[2m()\u001b[22m\n\n    Received: \u001b[31mundefined\u001b[39m\n\u001b[2m\u001b[22m\n\u001b[2m    \u001b[0m \u001b[90m 103 |\u001b[39m     expect(\u001b[33mArray\u001b[39m\u001b[33m.\u001b[39misArray(res\u001b[33m.\u001b[39mbody))\u001b[33m.\u001b[39mtoBe(\u001b[36mtrue\u001b[39m)\u001b[33m;\u001b[39m\u001b[22m\n\u001b[2m     \u001b[90m 104 |\u001b[39m     \u001b[36mconst\u001b[39m found \u001b[33m=\u001b[39m res\u001b[33m.\u001b[39mbody\u001b[33m.\u001b[39mfind(m \u001b[33m=>\u001b[39m m\u001b[33m.\u001b[39mid \u001b[33m===\u001b[39m insertedMessageId)\u001b[33m;\u001b[39m\u001b[22m\n\u001b[2m    \u001b[31m\u001b[1m>\u001b[22m\u001b[2m\u001b[39m\u001b[90m 105 |\u001b[39m     expect(found)\u001b[33m.\u001b[39mtoBeDefined()\u001b[33m;\u001b[39m\u001b[22m\n\u001b[2m     \u001b[90m     |\u001b[39m                   \u001b[31m\u001b[1m^\u001b[22m\u001b[2m\u001b[39m\u001b[22m\n\u001b[2m     \u001b[90m 106 |\u001b[39m     expect(found\u001b[33m.\u001b[39mcontent)\u001b[33m.\u001b[39mtoBe(\u001b[32m\"Hey, integration test message!\"\u001b[39m)\u001b[33m;\u001b[39m\u001b[22m\n\u001b[2m     \u001b[90m 107 |\u001b[39m   })\u001b[33m;\u001b[39m\u001b[22m\n\u001b[2m     \u001b[90m 108 |\u001b[39m\u001b[0m\u001b[22m\n\u001b[2m\u001b[22m\n\u001b[2m      \u001b[2mat Object.toBeDefined (\u001b[22m\u001b[2m\u001b[0m\u001b[36mbackend/tests/messages.test.js\u001b[39m\u001b[0m\u001b[2m:105:19)\u001b[22m\u001b[2m\u001b[22m\n\n\u001b[1m\u001b[31m  \u001b[1m● \u001b[22m\u001b[1mMessages API Endpoints › should mark a message as read\u001b[39m\u001b[22m\n\n    \u001b[2mexpect(\u001b[22m\u001b[31mreceived\u001b[39m\u001b[2m).\u001b[22mtoEqual\u001b[2m(\u001b[22m\u001b[32mexpected\u001b[39m\u001b[2m) // deep equality\u001b[22m\n\n    Expected: \u001b[32m200\u001b[39m\n    Received: \u001b[31m500\u001b[39m\n\u001b[2m\u001b[22m\n\u001b[2m    \u001b[0m \u001b[90m 135 |\u001b[39m       \u001b[33m.\u001b[39m\u001b[36mset\u001b[39m(\u001b[32m\"Authorization\"\u001b[39m\u001b[33m,\u001b[39m \u001b[32m`Bearer ${recvToken}`\u001b[39m)\u001b[33m;\u001b[39m\u001b[22m\n\u001b[2m     \u001b[90m 136 |\u001b[39m\u001b[22m\n\u001b[2m    \u001b[31m\u001b[1m>\u001b[22m\u001b[2m\u001b[39m\u001b[90m 137 |\u001b[39m     expect(res\u001b[33m.\u001b[39mstatusCode)\u001b[33m.\u001b[39mtoEqual(\u001b[35m200\u001b[39m)\u001b[33m;\u001b[39m\u001b[22m\n\u001b[2m     \u001b[90m     |\u001b[39m                            \u001b[31m\u001b[1m^\u001b[22m\u001b[2m\u001b[39m\u001b[22m\n\u001b[2m     \u001b[90m 138 |\u001b[39m     expect(res\u001b[33m.\u001b[39mbody)\u001b[33m.\u001b[39mtoHaveProperty(\u001b[32m\"success\"\u001b[39m\u001b[33m,\u001b[39m \u001b[36mtrue\u001b[39m)\u001b[33m;\u001b[39m\u001b[22m\n\u001b[2m     \u001b[90m 139 |\u001b[39m   })\u001b[33m;\u001b[39m\u001b[22m\n\u001b[2m     \u001b[90m 140 |\u001b[39m\u001b[0m\u001b[22m\n\u001b[2m\u001b[22m\n\u001b[2m      \u001b[2mat Object.toEqual (\u001b[22m\u001b[2m\u001b[0m\u001b[36mbackend/tests/messages.test.js\u001b[39m\u001b[0m\u001b[2m:137:28)\u001b[22m\u001b[2m\u001b[22m\n\n\n  \u001b[1m● \u001b[22mTest suite failed to run\n\n    error: update or delete on table \"users\" violates foreign key constraint \"organizations_owner_id_fkey\" on table \"organizations\"\n\n    \u001b[0m \u001b[90m 68 |\u001b[39m     \u001b[36mif\u001b[39m (userId) {\n     \u001b[90m 69 |\u001b[39m       \u001b[36mawait\u001b[39m pool\u001b[33m.\u001b[39mquery(\u001b[32m\"DELETE FROM messages WHERE sender_id = $1 OR receiver_id = $1\"\u001b[39m\u001b[33m,\u001b[39m [userId])\u001b[33m;\u001b[39m\n    \u001b[31m\u001b[1m>\u001b[22m\u001b[39m\u001b[90m 70 |\u001b[39m       \u001b[36mawait\u001b[39m pool\u001b[33m.\u001b[39mquery(\u001b[32m\"DELETE FROM users WHERE id = $1 OR id = $2\"\u001b[39m\u001b[33m,\u001b[39m [userId\u001b[33m,\u001b[39m receiverId])\u001b[33m;\u001b[39m\n     \u001b[90m    |\u001b[39m       \u001b[31m\u001b[1m^\u001b[22m\u001b[39m\n     \u001b[90m 71 |\u001b[39m       \u001b[36mif\u001b[39m (orgId) {\n     \u001b[90m 72 |\u001b[39m         \u001b[36mawait\u001b[39m pool\u001b[33m.\u001b[39mquery(\u001b[32m\"DELETE FROM organization_members WHERE organization_id = $1\"\u001b[39m\u001b[33m,\u001b[39m [orgId])\u001b[33m;\u001b[39m\n     \u001b[90m 73 |\u001b[39m         \u001b[36mawait\u001b[39m pool\u001b[33m.\u001b[39mquery(\u001b[32m\"DELETE FROM organizations WHERE id = $1\"\u001b[39m\u001b[33m,\u001b[39m [orgId])\u001b[33m;\u001b[39m\u001b[0m\n\n      \u001b[2mat \u001b[22mbackend/node_modules/pg-pool/index.js\u001b[2m:45:11\u001b[22m\n      \u001b[2mat Object.<anonymous> (\u001b[22m\u001b[0m\u001b[36mbackend/tests/messages.test.js\u001b[39m\u001b[0m\u001b[2m:70:7)\u001b[22m\n","name":"/Users/christopherjcallaghan/Documents/sites/clubhub/backend/tests/messages.test.js","startTime":1779468491417,"status":"failed","summary":""},{"assertionResults":[{"ancestorTitles":["Camp endpoints (basic smoke tests)"],"duration":null,"failureDetails":[],"failureMessages":[],"fullName":"Camp endpoints (basic smoke tests) should list groups for event (requires real event id)","invocations":1,"location":null,"numPassingAsserts":0,"retryReasons":[],"status":"pending","title":"should list groups for event (requires real event id)"},{"ancestorTitles":["Camp endpoints (basic smoke tests)"],"duration":null,"failureDetails":[],"failureMessages":[],"fullName":"Camp endpoints (basic smoke tests) should export CSV for event (requires real event id)","invocations":1,"location":null,"numPassingAsserts":0,"retryReasons":[],"status":"pending","title":"should export CSV for event (requires real event id)"}],"coverage":{},"endTime":1779468491417,"message":"","name":"/Users/christopherjcallaghan/Documents/sites/clubhub/backend/tests/camp.test.js","startTime":1779468491417,"status":"skipped","summary":""},{"assertionResults":[{"ancestorTitles":["Tournaments demo smoke (skipped by default)"],"duration":null,"failureDetails":[],"failureMessages":[],"fullName":"Tournaments demo smoke (skipped by default) create tournament (requires DB + auth)","invocations":1,"location":null,"numPassingAsserts":0,"retryReasons":[],"status":"pending","title":"create tournament (requires DB + auth)"},{"ancestorTitles":["Tournaments demo smoke (skipped by default)"],"duration":null,"failureDetails":[],"failureMessages":[],"fullName":"Tournaments demo smoke (skipped by default) generate fixtures (requires real event id)","invocations":1,"location":null,"numPassingAsserts":0,"retryReasons":[],"status":"pending","title":"generate fixtures (requires real event id)"}],"coverage":{},"endTime":1779468491418,"message":"","name":"/Users/christopherjcallaghan/Documents/sites/clubhub/backend/tests/tournaments.demo.test.js","startTime":1779468491418,"status":"skipped","summary":""},{"assertionResults":[{"ancestorTitles":["1. Signup Flow"],"duration":1520,"failureDetails":[],"failureMessages":[],"fullName":"1. Signup Flow POST /auth/register → creates a new organisation admin account","invocations":1,"location":null,"numPassingAsserts":4,"retryReasons":[],"status":"passed","title":"POST /auth/register → creates a new organisation admin account"},{"ancestorTitles":["1. Signup Flow"],"duration":701,"failureDetails":[],"failureMessages":[],"fullName":"1. Signup Flow POST /auth/login → logs in with the new credentials","invocations":1,"location":null,"numPassingAsserts":3,"retryReasons":[],"status":"passed","title":"POST /auth/login → logs in with the new credentials"},{"ancestorTitles":["1. Signup Flow"],"duration":36,"failureDetails":[],"failureMessages":[],"fullName":"1. Signup Flow GET /auth/context → returns admin context with correct role","invocations":1,"location":null,"numPassingAsserts":4,"retryReasons":[],"status":"passed","title":"GET /auth/context → returns admin context with correct role"},{"ancestorTitles":["2. Create Member (Player)"],"duration":19,"failureDetails":[],"failureMessages":[],"fullName":"2. Create Member (Player) POST /players → creates a new player with full profile data","invocations":1,"location":null,"numPassingAsserts":2,"retryReasons":[],"status":"passed","title":"POST /players → creates a new player with full profile data"},{"ancestorTitles":["2. Create Member (Player)"],"duration":25,"failureDetails":[],"failureMessages":[],"fullName":"2. Create Member (Player) GET /players → new member appears in the list","invocations":1,"location":null,"numPassingAsserts":4,"retryReasons":[],"status":"passed","title":"GET /players → new member appears in the list"},{"ancestorTitles":["2. Create Member (Player)"],"duration":32,"failureDetails":[],"failureMessages":[],"fullName":"2. Create Member (Player) GET /players/:id → retrieves the created member by ID","invocations":1,"location":null,"numPassingAsserts":3,"retryReasons":[],"status":"passed","title":"GET /players/:id → retrieves the created member by ID"},{"ancestorTitles":["3. Create Venue"],"duration":13,"failureDetails":[],"failureMessages":[],"fullName":"3. Create Venue POST /venues → creates a new venue with address and price","invocations":1,"location":null,"numPassingAsserts":2,"retryReasons":[],"status":"passed","title":"POST /venues → creates a new venue with address and price"},{"ancestorTitles":["3. Create Venue"],"duration":13,"failureDetails":[],"failureMessages":[],"fullName":"3. Create Venue GET /venues → new venue appears in the list","invocations":1,"location":null,"numPassingAsserts":2,"retryReasons":[],"status":"passed","title":"GET /venues → new venue appears in the list"},{"ancestorTitles":["4. Create Event"],"duration":17,"failureDetails":[],"failureMessages":[],"fullName":"4. Create Event POST /events → creates a full event with venue and entry price","invocations":1,"location":null,"numPassingAsserts":2,"retryReasons":[],"status":"passed","title":"POST /events → creates a full event with venue and entry price"},{"ancestorTitles":["4. Create Event"],"duration":19,"failureDetails":[],"failureMessages":[],"fullName":"4. Create Event GET /events → new event appears in the list","invocations":1,"location":null,"numPassingAsserts":2,"retryReasons":[],"status":"passed","title":"GET /events → new event appears in the list"},{"ancestorTitles":["4. Create Event"],"duration":24,"failureDetails":[],"failureMessages":[],"fullName":"4. Create Event GET /events/:id → retrieves the created event by ID","invocations":1,"location":null,"numPassingAsserts":2,"retryReasons":[],"status":"passed","title":"GET /events/:id → retrieves the created event by ID"},{"ancestorTitles":["5. Create Tournament"],"duration":20,"failureDetails":[],"failureMessages":[],"fullName":"5. Create Tournament POST /tournaments → creates a new knockout tournament","invocations":1,"location":null,"numPassingAsserts":2,"retryReasons":[],"status":"passed","title":"POST /tournaments → creates a new knockout tournament"},{"ancestorTitles":["5. Create Tournament"],"duration":15,"failureDetails":[],"failureMessages":[],"fullName":"5. Create Tournament GET /tournaments → new tournament appears in the list","invocations":1,"location":null,"numPassingAsserts":2,"retryReasons":[],"status":"passed","title":"GET /tournaments → new tournament appears in the list"},{"ancestorTitles":["5. Create Tournament"],"duration":96,"failureDetails":[],"failureMessages":[],"fullName":"5. Create Tournament GET /tournaments/:id/dashboard → returns bracket dashboard data","invocations":1,"location":null,"numPassingAsserts":4,"retryReasons":[],"status":"passed","title":"GET /tournaments/:id/dashboard → returns bracket dashboard data"},{"ancestorTitles":["6. Bib Inventory"],"duration":37,"failureDetails":[],"failureMessages":[],"fullName":"6. Bib Inventory GET /bibs → returns array of bib sets","invocations":1,"location":null,"numPassingAsserts":3,"retryReasons":[],"status":"passed","title":"GET /bibs → returns array of bib sets"},{"ancestorTitles":["6. Bib Inventory"],"duration":26,"failureDetails":[],"failureMessages":[],"fullName":"6. Bib Inventory POST /bibs → creates a new bib colour set","invocations":1,"location":null,"numPassingAsserts":2,"retryReasons":[],"status":"passed","title":"POST /bibs → creates a new bib colour set"},{"ancestorTitles":["7. Cleanup (dry-run delete checks)"],"duration":1264,"failureDetails":[],"failureMessages":[],"fullName":"7. Cleanup (dry-run delete checks) DELETE /events/:id → removes the test event","invocations":1,"location":null,"numPassingAsserts":1,"retryReasons":[],"status":"passed","title":"DELETE /events/:id → removes the test event"},{"ancestorTitles":["7. Cleanup (dry-run delete checks)"],"duration":668,"failureDetails":[],"failureMessages":[],"fullName":"7. Cleanup (dry-run delete checks) DELETE /tournaments/:id → removes the test tournament","invocations":1,"location":null,"numPassingAsserts":1,"retryReasons":[],"status":"passed","title":"DELETE /tournaments/:id → removes the test tournament"}],"endTime":1779468459886,"message":"","name":"/Users/christopherjcallaghan/Documents/sites/clubhub/backend/tests/integration-flows.test.js","startTime":1779468455140,"status":"passed","summary":""},{"assertionResults":[{"ancestorTitles":["Platform admin scout verifications"],"duration":875,"failureDetails":[],"failureMessages":[],"fullName":"Platform admin scout verifications non-admin cannot list verifications (403)","invocations":1,"location":null,"numPassingAsserts":1,"retryReasons":[],"status":"passed","title":"non-admin cannot list verifications (403)"},{"ancestorTitles":["Platform admin scout verifications"],"duration":116,"failureDetails":[],"failureMessages":[],"fullName":"Platform admin scout verifications admin can list pending verification and resolve it","invocations":1,"location":null,"numPassingAsserts":5,"retryReasons":[],"status":"passed","title":"admin can list pending verification and resolve it"}],"endTime":1779468466554,"message":"","name":"/Users/christopherjcallaghan/Documents/sites/clubhub/backend/tests/platform-scout-verifications.test.js","startTime":1779468459955,"status":"passed","summary":""},{"assertionResults":[{"ancestorTitles":["Full System Integration Flow"],"duration":1091,"failureDetails":[],"failureMessages":[],"fullName":"Full System Integration Flow 1. Register Organization Admin","invocations":1,"location":null,"numPassingAsserts":3,"retryReasons":[],"status":"passed","title":"1. Register Organization Admin"},{"ancestorTitles":["Full System Integration Flow"],"duration":55,"failureDetails":[],"failureMessages":[],"fullName":"Full System Integration Flow 2. Create Club (Onboarding)","invocations":1,"location":null,"numPassingAsserts":2,"retryReasons":[],"status":"passed","title":"2. Create Club (Onboarding)"},{"ancestorTitles":["Full System Integration Flow"],"duration":49,"failureDetails":[],"failureMessages":[],"fullName":"Full System Integration Flow 3. Create Team","invocations":1,"location":null,"numPassingAsserts":1,"retryReasons":[],"status":"passed","title":"3. Create Team"},{"ancestorTitles":["Full System Integration Flow"],"duration":78,"failureDetails":[],"failureMessages":[],"fullName":"Full System Integration Flow 4. Create Player","invocations":1,"location":null,"numPassingAsserts":1,"retryReasons":[],"status":"passed","title":"4. Create Player"},{"ancestorTitles":["Full System Integration Flow"],"duration":105,"failureDetails":[],"failureMessages":[],"fullName":"Full System Integration Flow 5. Assign Player to Team","invocations":1,"location":null,"numPassingAsserts":2,"retryReasons":[],"status":"passed","title":"5. Assign Player to Team"},{"ancestorTitles":["Full System Integration Flow"],"duration":215,"failureDetails":[],"failureMessages":[],"fullName":"Full System Integration Flow 6. Create Event (Match)","invocations":1,"location":null,"numPassingAsserts":1,"retryReasons":[],"status":"passed","title":"6. Create Event (Match)"},{"ancestorTitles":["Full System Integration Flow"],"duration":280,"failureDetails":[],"failureMessages":[],"fullName":"Full System Integration Flow 7. Super Admin Visibility (Activity Feed)","invocations":1,"location":null,"numPassingAsserts":2,"retryReasons":[],"status":"passed","title":"7. Super Admin Visibility (Activity Feed)"},{"ancestorTitles":["Full System Integration Flow"],"duration":1,"failureDetails":[],"failureMessages":[],"fullName":"Full System Integration Flow 8. Stripe Connection Simulation","invocations":1,"location":null,"numPassingAsserts":0,"retryReasons":[],"status":"passed","title":"8. Stripe Connection Simulation"}],"endTime":1779468474273,"message":"","name":"/Users/christopherjcallaghan/Documents/sites/clubhub/backend/tests/full-flow.test.js","startTime":1779468466815,"status":"passed","summary":""},{"assertionResults":[{"ancestorTitles":["Auth API Endpoints"],"duration":1607,"failureDetails":[],"failureMessages":[],"fullName":"Auth API Endpoints should register a new user","invocations":1,"location":null,"numPassingAsserts":3,"retryReasons":[],"status":"passed","title":"should register a new user"},{"ancestorTitles":["Auth API Endpoints"],"duration":485,"failureDetails":[],"failureMessages":[],"fullName":"Auth API Endpoints should login with the registered user","invocations":1,"location":null,"numPassingAsserts":2,"retryReasons":[],"status":"passed","title":"should login with the registered user"},{"ancestorTitles":["Auth API Endpoints"],"duration":16,"failureDetails":[],"failureMessages":[],"fullName":"Auth API Endpoints should access protected route /auth/me","invocations":1,"location":null,"numPassingAsserts":2,"retryReasons":[],"status":"passed","title":"should access protected route /auth/me"},{"ancestorTitles":["Auth API Endpoints"],"duration":9,"failureDetails":[],"failureMessages":[],"fullName":"Auth API Endpoints should fail to access protected route without token","invocations":1,"location":null,"numPassingAsserts":1,"retryReasons":[],"status":"passed","title":"should fail to access protected route without token"}],"endTime":1779468479154,"message":"","name":"/Users/christopherjcallaghan/Documents/sites/clubhub/backend/tests/auth.test.js","startTime":1779468474604,"status":"passed","summary":""},{"assertionResults":[{"ancestorTitles":["Staff verify-scout endpoint"],"duration":132,"failureDetails":[],"failureMessages":[],"fullName":"Staff verify-scout endpoint non-owner cannot verify staff (403)","invocations":1,"location":null,"numPassingAsserts":2,"retryReasons":[],"status":"passed","title":"non-owner cannot verify staff (403)"},{"ancestorTitles":["Staff verify-scout endpoint"],"duration":60,"failureDetails":[],"failureMessages":[],"fullName":"Staff verify-scout endpoint owner can verify staff and flag is set","invocations":1,"location":null,"numPassingAsserts":4,"retryReasons":[],"status":"passed","title":"owner can verify staff and flag is set"}],"endTime":1779468482312,"message":"","name":"/Users/christopherjcallaghan/Documents/sites/clubhub/backend/tests/staff-verify.test.js","startTime":1779468479392,"status":"passed","summary":""},{"assertionResults":[{"ancestorTitles":["Auth Access Control"],"duration":19,"failureDetails":[],"failureMessages":[],"fullName":"Auth Access Control should prevent login when user is deactivated","invocations":1,"location":null,"numPassingAsserts":2,"retryReasons":[],"status":"passed","title":"should prevent login when user is deactivated"},{"ancestorTitles":["Auth Access Control"],"duration":465,"failureDetails":[],"failureMessages":[],"fullName":"Auth Access Control should allow login when user is re-activated","invocations":1,"location":null,"numPassingAsserts":2,"retryReasons":[],"status":"passed","title":"should allow login when user is re-activated"}],"endTime":1779468484176,"message":"","name":"/Users/christopherjcallaghan/Documents/sites/clubhub/backend/tests/auth-access.test.js","startTime":1779468482757,"status":"passed","summary":""},{"assertionResults":[{"ancestorTitles":["🛡️ STRIPE CONNECT SAFETY TESTS","✅ Stripe Connect Account Linking"],"duration":17,"failureDetails":[],"failureMessages":[],"fullName":"🛡️ STRIPE CONNECT SAFETY TESTS ✅ Stripe Connect Account Linking should fetch connect status WITHOUT charging","invocations":1,"location":null,"numPassingAsserts":3,"retryReasons":[],"status":"passed","title":"should fetch connect status WITHOUT charging"},{"ancestorTitles":["🛡️ STRIPE CONNECT SAFETY TESTS","✅ Stripe Connect Account Linking"],"duration":27,"failureDetails":[],"failureMessages":[],"fullName":"🛡️ STRIPE CONNECT SAFETY TESTS ✅ Stripe Connect Account Linking should NOT expose payment processing endpoints (Safety Check)","invocations":1,"location":null,"numPassingAsserts":2,"retryReasons":[],"status":"passed","title":"should NOT expose payment processing endpoints (Safety Check)"},{"ancestorTitles":["🛡️ STRIPE CONNECT SAFETY TESTS","✅ Payment Plan Management (No Charging)"],"duration":12,"failureDetails":[],"failureMessages":[],"fullName":"🛡️ STRIPE CONNECT SAFETY TESTS ✅ Payment Plan Management (No Charging) should create payment plan WITHOUT charging cards","invocations":1,"location":null,"numPassingAsserts":4,"retryReasons":[],"status":"passed","title":"should create payment plan WITHOUT charging cards"},{"ancestorTitles":["🛡️ STRIPE CONNECT SAFETY TESTS","🔴 CRITICAL: Payment Processing Blocked"],"duration":8,"failureDetails":[],"failureMessages":[],"fullName":"🛡️ STRIPE CONNECT SAFETY TESTS 🔴 CRITICAL: Payment Processing Blocked should block payment intent creation when flag is false","invocations":1,"location":null,"numPassingAsserts":2,"retryReasons":[],"status":"passed","title":"should block payment intent creation when flag is false"},{"ancestorTitles":["🛡️ STRIPE CONNECT SAFETY TESTS","🔍 Stripe API Call Verification"],"duration":14,"failureDetails":[],"failureMessages":[],"fullName":"🛡️ STRIPE CONNECT SAFETY TESTS 🔍 Stripe API Call Verification should NEVER call stripe.paymentIntents.create during normal operations","invocations":1,"location":null,"numPassingAsserts":2,"retryReasons":[],"status":"passed","title":"should NEVER call stripe.paymentIntents.create during normal operations"}],"endTime":1779468484760,"message":"","name":"/Users/christopherjcallaghan/Documents/sites/clubhub/backend/tests/stripe-connect-safety.test.js","startTime":1779468484341,"status":"passed","summary":""},{"assertionResults":[{"ancestorTitles":["Platform Admin - Existing Stripe Link"],"duration":13,"failureDetails":[],"failureMessages":[],"fullName":"Platform Admin - Existing Stripe Link Onboard Club with Existing User Auto-Links Stripe Account","invocations":1,"location":null,"numPassingAsserts":4,"retryReasons":[],"status":"passed","title":"Onboard Club with Existing User Auto-Links Stripe Account"}],"endTime":1779468485142,"message":"","name":"/Users/christopherjcallaghan/Documents/sites/clubhub/backend/tests/feature-onboard-existing-stripe.test.js","startTime":1779468484920,"status":"passed","summary":""},{"assertionResults":[{"ancestorTitles":["Health Endpoints"],"duration":48,"failureDetails":[],"failureMessages":[],"fullName":"Health Endpoints GET /health should return 200 OK","invocations":1,"location":null,"numPassingAsserts":2,"retryReasons":[],"status":"passed","title":"GET /health should return 200 OK"},{"ancestorTitles":["Health Endpoints"],"duration":21,"failureDetails":[],"failureMessages":[],"fullName":"Health Endpoints GET /api/health should return 200 healthy","invocations":1,"location":null,"numPassingAsserts":2,"retryReasons":[],"status":"passed","title":"GET /api/health should return 200 healthy"}],"endTime":1779468486163,"message":"","name":"/Users/christopherjcallaghan/Documents/sites/clubhub/backend/tests/health.test.js","startTime":1779468485299,"status":"passed","summary":""},{"assertionResults":[{"ancestorTitles":["Payments API Integration Tests (Mocked)"],"duration":555,"failureDetails":[],"failureMessages":[],"fullName":"Payments API Integration Tests (Mocked) should register a user and create an organization","invocations":1,"location":null,"numPassingAsserts":2,"retryReasons":[],"status":"passed","title":"should register a user and create an organization"},{"ancestorTitles":["Payments API Integration Tests (Mocked)"],"duration":7,"failureDetails":[],"failureMessages":[],"fullName":"Payments API Integration Tests (Mocked) should check if Stripe is configured and active","invocations":1,"location":null,"numPassingAsserts":2,"retryReasons":[],"status":"passed","title":"should check if Stripe is configured and active"},{"ancestorTitles":["Payments API Integration Tests (Mocked)"],"duration":6,"failureDetails":[],"failureMessages":[],"fullName":"Payments API Integration Tests (Mocked) should create a payment plan","invocations":1,"location":null,"numPassingAsserts":2,"retryReasons":[],"status":"passed","title":"should create a payment plan"},{"ancestorTitles":["Payments API Integration Tests (Mocked)"],"duration":14,"failureDetails":[],"failureMessages":[],"fullName":"Payments API Integration Tests (Mocked) should fetch plans","invocations":1,"location":null,"numPassingAsserts":2,"retryReasons":[],"status":"passed","title":"should fetch plans"}],"endTime":1779468487187,"message":"","name":"/Users/christopherjcallaghan/Documents/sites/clubhub/backend/tests/payments.test.js","startTime":1779468486502,"status":"passed","summary":""},{"assertionResults":[{"ancestorTitles":["Stripe CRUD Enhancements"],"duration":8,"failureDetails":[],"failureMessages":[],"fullName":"Stripe CRUD Enhancements 1. GET /stripe/connect/status triggers Auto-Sync if 0 plans","invocations":1,"location":null,"numPassingAsserts":4,"retryReasons":[],"status":"passed","title":"1. GET /stripe/connect/status triggers Auto-Sync if 0 plans"},{"ancestorTitles":["Stripe CRUD Enhancements"],"duration":9,"failureDetails":[],"failureMessages":[],"fullName":"Stripe CRUD Enhancements 2. PUT /plans/:id updates Stripe Product","invocations":1,"location":null,"numPassingAsserts":2,"retryReasons":[],"status":"passed","title":"2. PUT /plans/:id updates Stripe Product"},{"ancestorTitles":["Stripe CRUD Enhancements"],"duration":7,"failureDetails":[],"failureMessages":[],"fullName":"Stripe CRUD Enhancements 3. DELETE /plans/:id archives Stripe Product & Price","invocations":1,"location":null,"numPassingAsserts":3,"retryReasons":[],"status":"passed","title":"3. DELETE /plans/:id archives Stripe Product & Price"}],"endTime":1779468487433,"message":"","name":"/Users/christopherjcallaghan/Documents/sites/clubhub/backend/tests/feature-stripe-enhancements.test.js","startTime":1779468487191,"status":"passed","summary":""},{"assertionResults":[{"ancestorTitles":["Tournaments API"],"duration":35,"failureDetails":[],"failureMessages":[],"fullName":"Tournaments API should create a new tournament","invocations":1,"location":null,"numPassingAsserts":4,"retryReasons":[],"status":"passed","title":"should create a new tournament"},{"ancestorTitles":["Tournaments API"],"duration":7,"failureDetails":[],"failureMessages":[],"fullName":"Tournaments API should fetch a tournament dashboard","invocations":1,"location":null,"numPassingAsserts":4,"retryReasons":[],"status":"passed","title":"should fetch a tournament dashboard"},{"ancestorTitles":["Tournaments API"],"duration":9,"failureDetails":[],"failureMessages":[],"fullName":"Tournaments API should upload and update match video","invocations":1,"location":null,"numPassingAsserts":2,"retryReasons":[],"status":"passed","title":"should upload and update match video"}],"endTime":1779468487736,"message":"","name":"/Users/christopherjcallaghan/Documents/sites/clubhub/backend/tests/tournaments.test.js","startTime":1779468487594,"status":"passed","summary":""},{"assertionResults":[{"ancestorTitles":["Planner (Events) API Tests"],"duration":12,"failureDetails":[],"failureMessages":[],"fullName":"Planner (Events) API Tests 1. Create Event Success","invocations":1,"location":null,"numPassingAsserts":2,"retryReasons":[],"status":"passed","title":"1. Create Event Success"},{"ancestorTitles":["Planner (Events) API Tests"],"duration":7,"failureDetails":[],"failureMessages":[],"fullName":"Planner (Events) API Tests 2. Get Events Success with Calculated Spots","invocations":1,"location":null,"numPassingAsserts":3,"retryReasons":[],"status":"passed","title":"2. Get Events Success with Calculated Spots"},{"ancestorTitles":["Planner (Events) API Tests"],"duration":8,"failureDetails":[],"failureMessages":[],"fullName":"Planner (Events) API Tests 3. Get Specific Event Success","invocations":1,"location":null,"numPassingAsserts":3,"retryReasons":[],"status":"passed","title":"3. Get Specific Event Success"},{"ancestorTitles":["Planner (Events) API Tests"],"duration":8,"failureDetails":[],"failureMessages":[],"fullName":"Planner (Events) API Tests 4. Create Recurring Events","invocations":1,"location":null,"numPassingAsserts":3,"retryReasons":[],"status":"passed","title":"4. Create Recurring Events"},{"ancestorTitles":["Planner (Events) API Tests"],"duration":8,"failureDetails":[],"failureMessages":[],"fullName":"Planner (Events) API Tests 5. Prevent Booking Past Events","invocations":1,"location":null,"numPassingAsserts":2,"retryReasons":[],"status":"passed","title":"5. Prevent Booking Past Events"}],"endTime":1779468487983,"message":"","name":"/Users/christopherjcallaghan/Documents/sites/clubhub/backend/tests/planner.test.js","startTime":1779468487739,"status":"passed","summary":""},{"assertionResults":[{"ancestorTitles":["Platform Admin - Search Stripe Link"],"duration":165,"failureDetails":[],"failureMessages":[],"fullName":"Platform Admin - Search Stripe Link Onboard NEW Club but EXISTING Stripe Account links automatically via Search","invocations":1,"location":null,"numPassingAsserts":4,"retryReasons":[],"status":"passed","title":"Onboard NEW Club but EXISTING Stripe Account links automatically via Search"}],"endTime":1779468488801,"message":"","name":"/Users/christopherjcallaghan/Documents/sites/clubhub/backend/tests/feature-onboard-search-stripe.test.js","startTime":1779468488163,"status":"passed","summary":""},{"assertionResults":[{"ancestorTitles":["Public Registration Flow (Simple Mocks)"],"duration":52,"failureDetails":[],"failureMessages":[],"fullName":"Public Registration Flow (Simple Mocks) 1. Parent Registration Success","invocations":1,"location":null,"numPassingAsserts":1,"retryReasons":[],"status":"passed","title":"1. Parent Registration Success"},{"ancestorTitles":["Public Registration Flow (Simple Mocks)"],"duration":14,"failureDetails":[],"failureMessages":[],"fullName":"Public Registration Flow (Simple Mocks) 2. Organization Registration Success","invocations":1,"location":null,"numPassingAsserts":1,"retryReasons":[],"status":"passed","title":"2. Organization Registration Success"},{"ancestorTitles":["Public Registration Flow (Simple Mocks)"],"duration":32,"failureDetails":[],"failureMessages":[],"fullName":"Public Registration Flow (Simple Mocks) 3. Login Success","invocations":1,"location":null,"numPassingAsserts":1,"retryReasons":[],"status":"passed","title":"3. Login Success"},{"ancestorTitles":["Public Registration Flow (Simple Mocks)"],"duration":12,"failureDetails":[],"failureMessages":[],"fullName":"Public Registration Flow (Simple Mocks) 4. Duplicate Fails","invocations":1,"location":null,"numPassingAsserts":1,"retryReasons":[],"status":"passed","title":"4. Duplicate Fails"}],"endTime":1779468489626,"message":"","name":"/Users/christopherjcallaghan/Documents/sites/clubhub/backend/tests/feature-public-signup.test.js","startTime":1779468489047,"status":"passed","summary":""},{"assertionResults":[{"ancestorTitles":["Super Admin & Sync Features (Unit Tests)"],"duration":18,"failureDetails":[],"failureMessages":[],"fullName":"Super Admin & Sync Features (Unit Tests) 1. POST /api/platform-admin/onboard-club - Success","invocations":1,"location":null,"numPassingAsserts":3,"retryReasons":[],"status":"passed","title":"1. POST /api/platform-admin/onboard-club - Success"},{"ancestorTitles":["Super Admin & Sync Features (Unit Tests)"],"duration":11,"failureDetails":[],"failureMessages":[],"fullName":"Super Admin & Sync Features (Unit Tests) 2. POST /api/payments/plans/import - Success","invocations":1,"location":null,"numPassingAsserts":3,"retryReasons":[],"status":"passed","title":"2. POST /api/payments/plans/import - Success"}],"endTime":1779468490184,"message":"","name":"/Users/christopherjcallaghan/Documents/sites/clubhub/backend/tests/feature-super-admin-sync.test.js","startTime":1779468489846,"status":"passed","summary":""},{"assertionResults":[{"ancestorTitles":["Invite Flow - Complete Test Suite"],"duration":32,"failureDetails":[],"failureMessages":[],"fullName":"Invite Flow - Complete Test Suite 1. Generate Email Invite - Success","invocations":1,"location":null,"numPassingAsserts":5,"retryReasons":[],"status":"passed","title":"1. Generate Email Invite - Success"},{"ancestorTitles":["Invite Flow - Complete Test Suite"],"duration":11,"failureDetails":[],"failureMessages":[],"fullName":"Invite Flow - Complete Test Suite 2. Generate Shareable Link - Success","invocations":1,"location":null,"numPassingAsserts":4,"retryReasons":[],"status":"passed","title":"2. Generate Shareable Link - Success"},{"ancestorTitles":["Invite Flow - Complete Test Suite"],"duration":7,"failureDetails":[],"failureMessages":[],"fullName":"Invite Flow - Complete Test Suite 3. Get Invite Details - Public Endpoint","invocations":1,"location":null,"numPassingAsserts":4,"retryReasons":[],"status":"passed","title":"3. Get Invite Details - Public Endpoint"},{"ancestorTitles":["Invite Flow - Complete Test Suite"],"duration":7,"failureDetails":[],"failureMessages":[],"fullName":"Invite Flow - Complete Test Suite 4. Generate Invite - Requires Auth","invocations":1,"location":null,"numPassingAsserts":1,"retryReasons":[],"status":"passed","title":"4. Generate Invite - Requires Auth"},{"ancestorTitles":["Invite Flow - Complete Test Suite"],"duration":14,"failureDetails":[],"failureMessages":[],"fullName":"Invite Flow - Complete Test Suite 5. Generate Invite - Validates Club Role","invocations":1,"location":null,"numPassingAsserts":2,"retryReasons":[],"status":"passed","title":"5. Generate Invite - Validates Club Role"}],"endTime":1779468490622,"message":"","name":"/Users/christopherjcallaghan/Documents/sites/clubhub/backend/tests/feature-invite-flow.test.js","startTime":1779468490359,"status":"passed","summary":""},{"assertionResults":[{"ancestorTitles":["Tournament Bracket Generation Logic"],"duration":16,"failureDetails":[],"failureMessages":[],"fullName":"Tournament Bracket Generation Logic should generate a full 3-round bracket for 8 teams","invocations":1,"location":null,"numPassingAsserts":2,"retryReasons":[],"status":"passed","title":"should generate a full 3-round bracket for 8 teams"},{"ancestorTitles":["Tournament Bracket Generation Logic"],"duration":5,"failureDetails":[],"failureMessages":[],"fullName":"Tournament Bracket Generation Logic should handle byes for 6 teams","invocations":1,"location":null,"numPassingAsserts":1,"retryReasons":[],"status":"passed","title":"should handle byes for 6 teams"}],"endTime":1779468490905,"message":"","name":"/Users/christopherjcallaghan/Documents/sites/clubhub/backend/tests/bracket-generation.test.js","startTime":1779468490793,"status":"passed","summary":""},{"assertionResults":[{"ancestorTitles":["Events API Integration Tests","POST /api/events"],"duration":14,"failureDetails":[],"failureMessages":[],"fullName":"Events API Integration Tests POST /api/events should successfully create a single event","invocations":1,"location":null,"numPassingAsserts":3,"retryReasons":[],"status":"passed","title":"should successfully create a single event"},{"ancestorTitles":["Events API Integration Tests","GET /api/events"],"duration":6,"failureDetails":[],"failureMessages":[],"fullName":"Events API Integration Tests GET /api/events should list events for the authenticated user","invocations":1,"location":null,"numPassingAsserts":2,"retryReasons":[],"status":"passed","title":"should list events for the authenticated user"},{"ancestorTitles":["Events API Integration Tests","GET /api/events/:id/availability"],"duration":16,"failureDetails":[],"failureMessages":[],"fullName":"Events API Integration Tests GET /api/events/:id/availability should return availability responses for an event","invocations":1,"location":null,"numPassingAsserts":3,"retryReasons":[],"status":"passed","title":"should return availability responses for an event"}],"endTime":1779468491024,"message":"","name":"/Users/christopherjcallaghan/Documents/sites/clubhub/backend/tests/events.test.js","startTime":1779468490907,"status":"passed","summary":""},{"assertionResults":[{"ancestorTitles":["Form Builder Logic"],"duration":2,"failureDetails":[],"failureMessages":[],"fullName":"Form Builder Logic should add different field types correctly","invocations":1,"location":null,"numPassingAsserts":6,"retryReasons":[],"status":"passed","title":"should add different field types correctly"},{"ancestorTitles":["Form Builder Logic"],"duration":1,"failureDetails":[],"failureMessages":[],"fullName":"Form Builder Logic should delete field and update selection correctly","invocations":1,"location":null,"numPassingAsserts":5,"retryReasons":[],"status":"passed","title":"should delete field and update selection correctly"},{"ancestorTitles":["Form Builder Logic"],"duration":0,"failureDetails":[],"failureMessages":[],"fullName":"Form Builder Logic should update field properties correctly","invocations":1,"location":null,"numPassingAsserts":2,"retryReasons":[],"status":"passed","title":"should update field properties correctly"},{"ancestorTitles":["Form Builder Logic"],"duration":2,"failureDetails":[],"failureMessages":[],"fullName":"Form Builder Logic should handle adding, removing, and updating options for select fields","invocations":1,"location":null,"numPassingAsserts":3,"retryReasons":[],"status":"passed","title":"should handle adding, removing, and updating options for select fields"},{"ancestorTitles":["Form Builder Logic"],"duration":1,"failureDetails":[],"failureMessages":[],"fullName":"Form Builder Logic should handle row drop (reordering fields via drag-and-drop)","invocations":1,"location":null,"numPassingAsserts":4,"retryReasons":[],"status":"passed","title":"should handle row drop (reordering fields via drag-and-drop)"}],"endTime":1779468491063,"message":"","name":"/Users/christopherjcallaghan/Documents/sites/clubhub/frontend/form-builder.test.js","startTime":1779468491029,"status":"passed","summary":""},{"assertionResults":[{"ancestorTitles":["TacticalLogic"],"duration":1,"failureDetails":[],"failureMessages":[],"fullName":"TacticalLogic getFormationPositions returns correct number of players (11)","invocations":1,"location":null,"numPassingAsserts":1,"retryReasons":[],"status":"passed","title":"getFormationPositions returns correct number of players (11)"},{"ancestorTitles":["TacticalLogic"],"duration":1,"failureDetails":[],"failureMessages":[],"fullName":"TacticalLogic getFormationPositions defaults to 4-4-2 for unknown formation","invocations":1,"location":null,"numPassingAsserts":1,"retryReasons":[],"status":"passed","title":"getFormationPositions defaults to 4-4-2 for unknown formation"},{"ancestorTitles":["TacticalLogic"],"duration":1,"failureDetails":[],"failureMessages":[],"fullName":"TacticalLogic normalizeCoordinate keeps value within bounds","invocations":1,"location":null,"numPassingAsserts":3,"retryReasons":[],"status":"passed","title":"normalizeCoordinate keeps value within bounds"},{"ancestorTitles":["TacticalLogic"],"duration":0,"failureDetails":[],"failureMessages":[],"fullName":"TacticalLogic snapToGrid rounds to nearest step","invocations":1,"location":null,"numPassingAsserts":3,"retryReasons":[],"status":"passed","title":"snapToGrid rounds to nearest step"},{"ancestorTitles":["TacticalLogic"],"duration":7,"failureDetails":[],"failureMessages":[],"fullName":"TacticalLogic Formations have valid coordinates (0-100)","invocations":1,"location":null,"numPassingAsserts":176,"retryReasons":[],"status":"passed","title":"Formations have valid coordinates (0-100)"}],"endTime":1779468491101,"message":"","name":"/Users/christopherjcallaghan/Documents/sites/clubhub/frontend/tactical-logic.test.js","startTime":1779468491065,"status":"passed","summary":""},{"assertionResults":[{"ancestorTitles":["Email service"],"duration":5,"failureDetails":[],"failureMessages":[],"fullName":"Email service sends parental approval email (mocked)","invocations":1,"location":null,"numPassingAsserts":3,"retryReasons":[],"status":"passed","title":"sends parental approval email (mocked)"}],"endTime":1779468491140,"message":"","name":"/Users/christopherjcallaghan/Documents/sites/clubhub/backend/tests/email-service.test.js","startTime":1779468491104,"status":"passed","summary":""},{"assertionResults":[{"ancestorTitles":["computeNumRounds helper"],"duration":1,"failureDetails":[],"failureMessages":[],"fullName":"computeNumRounds helper computeNumRounds(2) => 1","invocations":1,"location":null,"numPassingAsserts":1,"retryReasons":[],"status":"passed","title":"computeNumRounds(2) => 1"},{"ancestorTitles":["computeNumRounds helper"],"duration":0,"failureDetails":[],"failureMessages":[],"fullName":"computeNumRounds helper computeNumRounds(3) => 2","invocations":1,"location":null,"numPassingAsserts":1,"retryReasons":[],"status":"passed","title":"computeNumRounds(3) => 2"},{"ancestorTitles":["computeNumRounds helper"],"duration":0,"failureDetails":[],"failureMessages":[],"fullName":"computeNumRounds helper computeNumRounds(4) => 2","invocations":1,"location":null,"numPassingAsserts":1,"retryReasons":[],"status":"passed","title":"computeNumRounds(4) => 2"},{"ancestorTitles":["computeNumRounds helper"],"duration":0,"failureDetails":[],"failureMessages":[],"fullName":"computeNumRounds helper computeNumRounds(5) => 3","invocations":1,"location":null,"numPassingAsserts":1,"retryReasons":[],"status":"passed","title":"computeNumRounds(5) => 3"},{"ancestorTitles":["computeNumRounds helper"],"duration":0,"failureDetails":[],"failureMessages":[],"fullName":"computeNumRounds helper computeNumRounds(6) => 3","invocations":1,"location":null,"numPassingAsserts":1,"retryReasons":[],"status":"passed","title":"computeNumRounds(6) => 3"},{"ancestorTitles":["computeNumRounds helper"],"duration":0,"failureDetails":[],"failureMessages":[],"fullName":"computeNumRounds helper computeNumRounds(7) => 3","invocations":1,"location":null,"numPassingAsserts":1,"retryReasons":[],"status":"passed","title":"computeNumRounds(7) => 3"},{"ancestorTitles":["computeNumRounds helper"],"duration":1,"failureDetails":[],"failureMessages":[],"fullName":"computeNumRounds helper computeNumRounds(8) => 3","invocations":1,"location":null,"numPassingAsserts":1,"retryReasons":[],"status":"passed","title":"computeNumRounds(8) => 3"},{"ancestorTitles":["computeNumRounds helper"],"duration":1,"failureDetails":[],"failureMessages":[],"fullName":"computeNumRounds helper computeNumRounds(9) => 4","invocations":1,"location":null,"numPassingAsserts":1,"retryReasons":[],"status":"passed","title":"computeNumRounds(9) => 4"},{"ancestorTitles":["computeNumRounds helper"],"duration":0,"failureDetails":[],"failureMessages":[],"fullName":"computeNumRounds helper computeNumRounds(16) => 4","invocations":1,"location":null,"numPassingAsserts":1,"retryReasons":[],"status":"passed","title":"computeNumRounds(16) => 4"}],"endTime":1779468491179,"message":"","name":"/Users/christopherjcallaghan/Documents/sites/clubhub/backend/tests/bracket.test.js","startTime":1779468491150,"status":"passed","summary":""}],"wasInterrupted":false}
