{"numFailedTestSuites":4,"numFailedTests":16,"numPassedTestSuites":10,"numPassedTests":33,"numPendingTestSuites":2,"numPendingTests":4,"numRuntimeErrorTestSuites":2,"numTodoTests":0,"numTotalTestSuites":16,"numTotalTests":53,"openHandles":[],"snapshot":{"added":0,"didUpdate":false,"failure":false,"filesAdded":0,"filesRemoved":0,"filesRemovedList":[],"filesUnmatched":0,"filesUpdated":0,"matched":0,"total":0,"unchecked":0,"uncheckedKeysByFile":[],"unmatched":0,"updated":0},"startTime":1775071958889,"success":false,"testResults":[{"assertionResults":[{"ancestorTitles":["Tournaments demo smoke (skipped by default)"],"duration":null,"failing":false,"failureDetails":[],"failureMessages":[],"fullName":"Tournaments demo smoke (skipped by default) create tournament (requires DB + auth)","invocations":1,"location":null,"numPassingAsserts":0,"retryReasons":[],"startAt":1775071965145,"status":"pending","title":"create tournament (requires DB + auth)"},{"ancestorTitles":["Tournaments demo smoke (skipped by default)"],"duration":null,"failing":false,"failureDetails":[],"failureMessages":[],"fullName":"Tournaments demo smoke (skipped by default) generate fixtures (requires real event id)","invocations":1,"location":null,"numPassingAsserts":0,"retryReasons":[],"startAt":1775071965147,"status":"pending","title":"generate fixtures (requires real event id)"}],"coverage":{},"endTime":1775071967893,"message":"","name":"C:\\Users\\Dell\\Documents\\elitepro\\clubhub\\backend\\tests\\tournaments.demo.test.js","startTime":1775071967893,"status":"skipped","summary":""},{"assertionResults":[{"ancestorTitles":["Camp endpoints (basic smoke tests)"],"duration":null,"failing":false,"failureDetails":[],"failureMessages":[],"fullName":"Camp endpoints (basic smoke tests) should list groups for event (requires real event id)","invocations":1,"location":null,"numPassingAsserts":0,"retryReasons":[],"startAt":1775071965164,"status":"pending","title":"should list groups for event (requires real event id)"},{"ancestorTitles":["Camp endpoints (basic smoke tests)"],"duration":null,"failing":false,"failureDetails":[],"failureMessages":[],"fullName":"Camp endpoints (basic smoke tests) should export CSV for event (requires real event id)","invocations":1,"location":null,"numPassingAsserts":0,"retryReasons":[],"startAt":1775071965165,"status":"pending","title":"should export CSV for event (requires real event id)"}],"coverage":{},"endTime":1775071967893,"message":"","name":"C:\\Users\\Dell\\Documents\\elitepro\\clubhub\\backend\\tests\\camp.test.js","startTime":1775071967893,"status":"skipped","summary":""},{"assertionResults":[{"ancestorTitles":["Health Endpoints"],"duration":73,"failing":false,"failureDetails":[],"failureMessages":[],"fullName":"Health Endpoints GET /health should return 200 OK","invocations":1,"location":null,"numPassingAsserts":2,"retryReasons":[],"startAt":1775071965205,"status":"passed","title":"GET /health should return 200 OK"},{"ancestorTitles":["Health Endpoints"],"duration":20,"failing":false,"failureDetails":[],"failureMessages":[],"fullName":"Health Endpoints GET /api/health should return 200 healthy","invocations":1,"location":null,"numPassingAsserts":2,"retryReasons":[],"startAt":1775071965279,"status":"passed","title":"GET /api/health should return 200 healthy"}],"endTime":1775071965302,"message":"","name":"C:\\Users\\Dell\\Documents\\elitepro\\clubhub\\backend\\tests\\health.test.js","startTime":1775071959511,"status":"passed","summary":""},{"assertionResults":[{"ancestorTitles":["Planner (Events) API Tests"],"duration":93,"failing":false,"failureDetails":[],"failureMessages":[],"fullName":"Planner (Events) API Tests 1. Create Event Success","invocations":1,"location":null,"numPassingAsserts":2,"retryReasons":[],"startAt":1775071965187,"status":"passed","title":"1. Create Event Success"},{"ancestorTitles":["Planner (Events) API Tests"],"duration":16,"failing":false,"failureDetails":[],"failureMessages":[],"fullName":"Planner (Events) API Tests 2. Get Events Success with Calculated Spots","invocations":1,"location":null,"numPassingAsserts":3,"retryReasons":[],"startAt":1775071965281,"status":"passed","title":"2. Get Events Success with Calculated Spots"},{"ancestorTitles":["Planner (Events) API Tests"],"duration":12,"failing":false,"failureDetails":[],"failureMessages":[],"fullName":"Planner (Events) API Tests 3. Get Specific Event Success","invocations":1,"location":null,"numPassingAsserts":3,"retryReasons":[],"startAt":1775071965298,"status":"passed","title":"3. Get Specific Event Success"},{"ancestorTitles":["Planner (Events) API Tests"],"duration":13,"failing":false,"failureDetails":[],"failureMessages":[],"fullName":"Planner (Events) API Tests 4. Create Recurring Events","invocations":1,"location":null,"numPassingAsserts":3,"retryReasons":[],"startAt":1775071965310,"status":"passed","title":"4. Create Recurring Events"},{"ancestorTitles":["Planner (Events) API Tests"],"duration":19,"failing":false,"failureDetails":[],"failureMessages":[],"fullName":"Planner (Events) API Tests 5. Prevent Booking Past Events","invocations":1,"location":null,"numPassingAsserts":2,"retryReasons":[],"startAt":1775071965323,"status":"passed","title":"5. Prevent Booking Past Events"}],"endTime":1775071965344,"message":"","name":"C:\\Users\\Dell\\Documents\\elitepro\\clubhub\\backend\\tests\\planner.test.js","startTime":1775071959493,"status":"passed","summary":""},{"assertionResults":[{"ancestorTitles":["🛡️ STRIPE CONNECT SAFETY TESTS","✅ Stripe Connect Account Linking"],"duration":92,"failing":false,"failureDetails":[],"failureMessages":[],"fullName":"🛡️ STRIPE CONNECT SAFETY TESTS ✅ Stripe Connect Account Linking should fetch connect status WITHOUT charging","invocations":1,"location":null,"numPassingAsserts":3,"retryReasons":[],"startAt":1775071965234,"status":"passed","title":"should fetch connect status WITHOUT charging"},{"ancestorTitles":["🛡️ STRIPE CONNECT SAFETY TESTS","✅ Stripe Connect Account Linking"],"duration":46,"failing":false,"failureDetails":[],"failureMessages":[],"fullName":"🛡️ STRIPE CONNECT SAFETY TESTS ✅ Stripe Connect Account Linking should NOT expose payment processing endpoints (Safety Check)","invocations":1,"location":null,"numPassingAsserts":2,"retryReasons":[],"startAt":1775071965327,"status":"passed","title":"should NOT expose payment processing endpoints (Safety Check)"},{"ancestorTitles":["🛡️ STRIPE CONNECT SAFETY TESTS","✅ Payment Plan Management (No Charging)"],"duration":32,"failing":false,"failureDetails":[],"failureMessages":[],"fullName":"🛡️ STRIPE CONNECT SAFETY TESTS ✅ Payment Plan Management (No Charging) should create payment plan WITHOUT charging cards","invocations":1,"location":null,"numPassingAsserts":4,"retryReasons":[],"startAt":1775071965374,"status":"passed","title":"should create payment plan WITHOUT charging cards"},{"ancestorTitles":["🛡️ STRIPE CONNECT SAFETY TESTS","🔴 CRITICAL: Payment Processing Blocked"],"duration":16,"failing":false,"failureDetails":[],"failureMessages":[],"fullName":"🛡️ STRIPE CONNECT SAFETY TESTS 🔴 CRITICAL: Payment Processing Blocked should block payment intent creation when flag is false","invocations":1,"location":null,"numPassingAsserts":2,"retryReasons":[],"startAt":1775071965406,"status":"passed","title":"should block payment intent creation when flag is false"},{"ancestorTitles":["🛡️ STRIPE CONNECT SAFETY TESTS","🔍 Stripe API Call Verification"],"duration":63,"failing":false,"failureDetails":[],"failureMessages":[],"fullName":"🛡️ STRIPE CONNECT SAFETY TESTS 🔍 Stripe API Call Verification should NEVER call stripe.paymentIntents.create during normal operations","invocations":1,"location":null,"numPassingAsserts":2,"retryReasons":[],"startAt":1775071965423,"status":"passed","title":"should NEVER call stripe.paymentIntents.create during normal operations"}],"endTime":1775071965489,"message":"","name":"C:\\Users\\Dell\\Documents\\elitepro\\clubhub\\backend\\tests\\stripe-connect-safety.test.js","startTime":1775071959494,"status":"passed","summary":""},{"assertionResults":[{"ancestorTitles":["Payments API Integration Tests"],"duration":144,"failing":false,"failureDetails":[{"matcherResult":{"actual":500,"expected":201,"message":"expect(received).toEqual(expected) // deep equality\n\nExpected: 201\nReceived: 500","name":"toEqual","pass":false}}],"failureMessages":["Error: expect(received).toEqual(expected) // deep equality\n\nExpected: 201\nReceived: 500\n    at Object.toEqual (C:\\Users\\Dell\\Documents\\elitepro\\clubhub\\backend\\tests\\payments.test.js:60:28)\n    at processTicksAndRejections (node:internal/process/task_queues:95:5)"],"fullName":"Payments API Integration Tests should register a user and create an organization","invocations":1,"location":null,"numPassingAsserts":0,"retryReasons":[],"startAt":1775071965148,"status":"failed","title":"should register a user and create an organization"},{"ancestorTitles":["Payments API Integration Tests"],"duration":14,"failing":false,"failureDetails":[],"failureMessages":[],"fullName":"Payments API Integration Tests should check if Stripe is configured and active","invocations":1,"location":null,"numPassingAsserts":2,"retryReasons":[],"startAt":1775071965294,"status":"passed","title":"should check if Stripe is configured and active"},{"ancestorTitles":["Payments API Integration Tests"],"duration":26,"failing":false,"failureDetails":[{"matcherResult":{"actual":403,"expected":201,"message":"expect(received).toEqual(expected) // deep equality\n\nExpected: 201\nReceived: 403","name":"toEqual","pass":false}}],"failureMessages":["Error: expect(received).toEqual(expected) // deep equality\n\nExpected: 201\nReceived: 403\n    at Object.toEqual (C:\\Users\\Dell\\Documents\\elitepro\\clubhub\\backend\\tests\\payments.test.js:120:30)\n    at processTicksAndRejections (node:internal/process/task_queues:95:5)"],"fullName":"Payments API Integration Tests should create a payment plan","invocations":1,"location":null,"numPassingAsserts":0,"retryReasons":[],"startAt":1775071965308,"status":"failed","title":"should create a payment plan"},{"ancestorTitles":["Payments API Integration Tests"],"duration":20,"failing":false,"failureDetails":[{"matcherResult":{"actual":500,"expected":200,"message":"expect(received).toEqual(expected) // deep equality\n\nExpected: 200\nReceived: 500","name":"toEqual","pass":false}}],"failureMessages":["Error: expect(received).toEqual(expected) // deep equality\n\nExpected: 200\nReceived: 500\n    at Object.toEqual (C:\\Users\\Dell\\Documents\\elitepro\\clubhub\\backend\\tests\\payments.test.js:132:28)\n    at processTicksAndRejections (node:internal/process/task_queues:95:5)"],"fullName":"Payments API Integration Tests should fetch plans","invocations":1,"location":null,"numPassingAsserts":0,"retryReasons":[],"startAt":1775071965335,"status":"failed","title":"should fetch plans"}],"coverage":{},"endTime":1775071967893,"message":"  ● Payments API Integration Tests › should register a user and create an organization\n\n    expect(received).toEqual(expected) // deep equality\n\n    Expected: 201\n    Received: 500\n\n    \u001b[0m \u001b[90m 58 |\u001b[39m       })\u001b[33m;\u001b[39m\n     \u001b[90m 59 |\u001b[39m\n    \u001b[31m\u001b[1m>\u001b[22m\u001b[39m\u001b[90m 60 |\u001b[39m     expect(res\u001b[33m.\u001b[39mstatusCode)\u001b[33m.\u001b[39mtoEqual(\u001b[35m201\u001b[39m)\u001b[33m;\u001b[39m\n     \u001b[90m    |\u001b[39m                            \u001b[31m\u001b[1m^\u001b[22m\u001b[39m\n     \u001b[90m 61 |\u001b[39m     authToken \u001b[33m=\u001b[39m res\u001b[33m.\u001b[39mbody\u001b[33m.\u001b[39mtoken\u001b[33m;\u001b[39m\n     \u001b[90m 62 |\u001b[39m     expect(authToken)\u001b[33m.\u001b[39mtoBeDefined()\u001b[33m;\u001b[39m\n     \u001b[90m 63 |\u001b[39m\u001b[0m\n\n      at Object.toEqual (tests/payments.test.js:60:28)\n\n  ● Payments API Integration Tests › should create a payment plan\n\n    expect(received).toEqual(expected) // deep equality\n\n    Expected: 201\n    Received: 403\n\n    \u001b[0m \u001b[90m 118 |\u001b[39m       )\u001b[33m;\u001b[39m\n     \u001b[90m 119 |\u001b[39m     } \u001b[36melse\u001b[39m {\n    \u001b[31m\u001b[1m>\u001b[22m\u001b[39m\u001b[90m 120 |\u001b[39m       expect(res\u001b[33m.\u001b[39mstatusCode)\u001b[33m.\u001b[39mtoEqual(\u001b[35m201\u001b[39m)\u001b[33m;\u001b[39m\n     \u001b[90m     |\u001b[39m                              \u001b[31m\u001b[1m^\u001b[22m\u001b[39m\n     \u001b[90m 121 |\u001b[39m       expect(res\u001b[33m.\u001b[39mbody\u001b[33m.\u001b[39mplan)\u001b[33m.\u001b[39mtoHaveProperty(\u001b[32m\"name\"\u001b[39m\u001b[33m,\u001b[39m \u001b[32m\"Test Annual Membership\"\u001b[39m)\u001b[33m;\u001b[39m\n     \u001b[90m 122 |\u001b[39m       console\u001b[33m.\u001b[39mlog(\u001b[32m\"✅ Plan created successfully in Stripe.\"\u001b[39m)\u001b[33m;\u001b[39m\n     \u001b[90m 123 |\u001b[39m     }\u001b[0m\n\n      at Object.toEqual (tests/payments.test.js:120:30)\n\n  ● Payments API Integration Tests › should fetch plans\n\n    expect(received).toEqual(expected) // deep equality\n\n    Expected: 200\n    Received: 500\n\n    \u001b[0m \u001b[90m 130 |\u001b[39m       \u001b[33m.\u001b[39m\u001b[36mset\u001b[39m(\u001b[32m\"Authorization\"\u001b[39m\u001b[33m,\u001b[39m \u001b[32m`Bearer ${authToken}`\u001b[39m)\u001b[33m;\u001b[39m \u001b[90m// Authentication might be optional depending on implementation\u001b[39m\n     \u001b[90m 131 |\u001b[39m\n    \u001b[31m\u001b[1m>\u001b[22m\u001b[39m\u001b[90m 132 |\u001b[39m     expect(res\u001b[33m.\u001b[39mstatusCode)\u001b[33m.\u001b[39mtoEqual(\u001b[35m200\u001b[39m)\u001b[33m;\u001b[39m\n     \u001b[90m     |\u001b[39m                            \u001b[31m\u001b[1m^\u001b[22m\u001b[39m\n     \u001b[90m 133 |\u001b[39m     expect(\u001b[33mArray\u001b[39m\u001b[33m.\u001b[39misArray(res\u001b[33m.\u001b[39mbody))\u001b[33m.\u001b[39mtoBe(\u001b[36mtrue\u001b[39m)\u001b[33m;\u001b[39m\n     \u001b[90m 134 |\u001b[39m   })\u001b[33m;\u001b[39m\n     \u001b[90m 135 |\u001b[39m })\u001b[33m;\u001b[39m\u001b[0m\n\n      at Object.toEqual (tests/payments.test.js:132:28)\n\n\n  ● Test suite failed to run\n\n    AggregateError:\n\n    \u001b[0m \u001b[90m 34 |\u001b[39m     }\n     \u001b[90m 35 |\u001b[39m     \u001b[36mif\u001b[39m (createdUserEmail) {\n    \u001b[31m\u001b[1m>\u001b[22m\u001b[39m\u001b[90m 36 |\u001b[39m       \u001b[36mawait\u001b[39m pool\u001b[33m.\u001b[39mquery(\u001b[32m\"DELETE FROM users WHERE email = $1\"\u001b[39m\u001b[33m,\u001b[39m [\n     \u001b[90m    |\u001b[39m       \u001b[31m\u001b[1m^\u001b[22m\u001b[39m\n     \u001b[90m 37 |\u001b[39m         createdUserEmail\u001b[33m,\u001b[39m\n     \u001b[90m 38 |\u001b[39m       ])\u001b[33m;\u001b[39m\n     \u001b[90m 39 |\u001b[39m     }\u001b[0m\n\n      at node_modules/pg-pool/index.js:45:11\n      at Object.<anonymous> (tests/payments.test.js:36:7)\n","name":"C:\\Users\\Dell\\Documents\\elitepro\\clubhub\\backend\\tests\\payments.test.js","startTime":1775071967893,"status":"failed","summary":""},{"assertionResults":[{"ancestorTitles":["Public Registration Flow (Simple Mocks)"],"duration":121,"failing":false,"failureDetails":[],"failureMessages":[],"fullName":"Public Registration Flow (Simple Mocks) 1. Parent Registration Success","invocations":1,"location":null,"numPassingAsserts":1,"retryReasons":[],"startAt":1775071965229,"status":"passed","title":"1. Parent Registration Success"},{"ancestorTitles":["Public Registration Flow (Simple Mocks)"],"duration":19,"failing":false,"failureDetails":[],"failureMessages":[],"fullName":"Public Registration Flow (Simple Mocks) 2. Organization Registration Success","invocations":1,"location":null,"numPassingAsserts":1,"retryReasons":[],"startAt":1775071965351,"status":"passed","title":"2. Organization Registration Success"},{"ancestorTitles":["Public Registration Flow (Simple Mocks)"],"duration":16,"failing":false,"failureDetails":[],"failureMessages":[],"fullName":"Public Registration Flow (Simple Mocks) 3. Login Success","invocations":1,"location":null,"numPassingAsserts":1,"retryReasons":[],"startAt":1775071965370,"status":"passed","title":"3. Login Success"},{"ancestorTitles":["Public Registration Flow (Simple Mocks)"],"duration":27,"failing":false,"failureDetails":[],"failureMessages":[],"fullName":"Public Registration Flow (Simple Mocks) 4. Duplicate Fails","invocations":1,"location":null,"numPassingAsserts":1,"retryReasons":[],"startAt":1775071965386,"status":"passed","title":"4. Duplicate Fails"}],"endTime":1775071965418,"message":"","name":"C:\\Users\\Dell\\Documents\\elitepro\\clubhub\\backend\\tests\\feature-public-signup.test.js","startTime":1775071959500,"status":"passed","summary":""},{"assertionResults":[{"ancestorTitles":["Invite Flow - Complete Test Suite"],"duration":145,"failing":false,"failureDetails":[],"failureMessages":[],"fullName":"Invite Flow - Complete Test Suite 1. Generate Email Invite - Success","invocations":1,"location":null,"numPassingAsserts":5,"retryReasons":[],"startAt":1775071965214,"status":"passed","title":"1. Generate Email Invite - Success"},{"ancestorTitles":["Invite Flow - Complete Test Suite"],"duration":22,"failing":false,"failureDetails":[],"failureMessages":[],"fullName":"Invite Flow - Complete Test Suite 2. Generate Shareable Link - Success","invocations":1,"location":null,"numPassingAsserts":4,"retryReasons":[],"startAt":1775071965360,"status":"passed","title":"2. Generate Shareable Link - Success"},{"ancestorTitles":["Invite Flow - Complete Test Suite"],"duration":16,"failing":false,"failureDetails":[],"failureMessages":[],"fullName":"Invite Flow - Complete Test Suite 3. Get Invite Details - Public Endpoint","invocations":1,"location":null,"numPassingAsserts":4,"retryReasons":[],"startAt":1775071965382,"status":"passed","title":"3. Get Invite Details - Public Endpoint"},{"ancestorTitles":["Invite Flow - Complete Test Suite"],"duration":14,"failing":false,"failureDetails":[],"failureMessages":[],"fullName":"Invite Flow - Complete Test Suite 4. Generate Invite - Requires Auth","invocations":1,"location":null,"numPassingAsserts":1,"retryReasons":[],"startAt":1775071965398,"status":"passed","title":"4. Generate Invite - Requires Auth"},{"ancestorTitles":["Invite Flow - Complete Test Suite"],"duration":21,"failing":false,"failureDetails":[],"failureMessages":[],"fullName":"Invite Flow - Complete Test Suite 5. Generate Invite - Validates Club Role","invocations":1,"location":null,"numPassingAsserts":2,"retryReasons":[],"startAt":1775071965412,"status":"passed","title":"5. Generate Invite - Validates Club Role"}],"endTime":1775071965436,"message":"","name":"C:\\Users\\Dell\\Documents\\elitepro\\clubhub\\backend\\tests\\feature-invite-flow.test.js","startTime":1775071959525,"status":"passed","summary":""},{"assertionResults":[{"ancestorTitles":["Auth API Endpoints"],"duration":253,"failing":false,"failureDetails":[{"matcherResult":{"actual":500,"expected":201,"message":"expect(received).toEqual(expected) // deep equality\n\nExpected: 201\nReceived: 500","name":"toEqual","pass":false}}],"failureMessages":["Error: expect(received).toEqual(expected) // deep equality\n\nExpected: 201\nReceived: 500\n    at Object.toEqual (C:\\Users\\Dell\\Documents\\elitepro\\clubhub\\backend\\tests\\auth.test.js:31:28)\n    at processTicksAndRejections (node:internal/process/task_queues:95:5)"],"fullName":"Auth API Endpoints should register a new user","invocations":1,"location":null,"numPassingAsserts":0,"retryReasons":[],"startAt":1775071965106,"status":"failed","title":"should register a new user"},{"ancestorTitles":["Auth API Endpoints"],"duration":88,"failing":false,"failureDetails":[{"matcherResult":{"actual":500,"expected":200,"message":"expect(received).toEqual(expected) // deep equality\n\nExpected: 200\nReceived: 500","name":"toEqual","pass":false}}],"failureMessages":["Error: expect(received).toEqual(expected) // deep equality\n\nExpected: 200\nReceived: 500\n    at Object.toEqual (C:\\Users\\Dell\\Documents\\elitepro\\clubhub\\backend\\tests\\auth.test.js:42:28)\n    at processTicksAndRejections (node:internal/process/task_queues:95:5)"],"fullName":"Auth API Endpoints should login with the registered user","invocations":1,"location":null,"numPassingAsserts":0,"retryReasons":[],"startAt":1775071965361,"status":"failed","title":"should login with the registered user"},{"ancestorTitles":["Auth API Endpoints"],"duration":29,"failing":false,"failureDetails":[{"matcherResult":{"actual":500,"expected":200,"message":"expect(received).toEqual(expected) // deep equality\n\nExpected: 200\nReceived: 500","name":"toEqual","pass":false}}],"failureMessages":["Error: expect(received).toEqual(expected) // deep equality\n\nExpected: 200\nReceived: 500\n    at Object.toEqual (C:\\Users\\Dell\\Documents\\elitepro\\clubhub\\backend\\tests\\auth.test.js:52:28)\n    at processTicksAndRejections (node:internal/process/task_queues:95:5)"],"fullName":"Auth API Endpoints should access protected route /auth/me","invocations":1,"location":null,"numPassingAsserts":0,"retryReasons":[],"startAt":1775071965450,"status":"failed","title":"should access protected route /auth/me"},{"ancestorTitles":["Auth API Endpoints"],"duration":14,"failing":false,"failureDetails":[],"failureMessages":[],"fullName":"Auth API Endpoints should fail to access protected route without token","invocations":1,"location":null,"numPassingAsserts":1,"retryReasons":[],"startAt":1775071965479,"status":"passed","title":"should fail to access protected route without token"}],"coverage":{},"endTime":1775071967893,"message":"  ● Auth API Endpoints › should register a new user\n\n    expect(received).toEqual(expected) // deep equality\n\n    Expected: 201\n    Received: 500\n\n    \u001b[0m \u001b[90m 29 |\u001b[39m     })\u001b[33m;\u001b[39m\n     \u001b[90m 30 |\u001b[39m\n    \u001b[31m\u001b[1m>\u001b[22m\u001b[39m\u001b[90m 31 |\u001b[39m     expect(res\u001b[33m.\u001b[39mstatusCode)\u001b[33m.\u001b[39mtoEqual(\u001b[35m201\u001b[39m)\u001b[33m;\u001b[39m\n     \u001b[90m    |\u001b[39m                            \u001b[31m\u001b[1m^\u001b[22m\u001b[39m\n     \u001b[90m 32 |\u001b[39m     expect(res\u001b[33m.\u001b[39mbody)\u001b[33m.\u001b[39mtoHaveProperty(\u001b[32m\"token\"\u001b[39m)\u001b[33m;\u001b[39m\n     \u001b[90m 33 |\u001b[39m     expect(res\u001b[33m.\u001b[39mbody\u001b[33m.\u001b[39muser)\u001b[33m.\u001b[39mtoHaveProperty(\u001b[32m\"email\"\u001b[39m\u001b[33m,\u001b[39m createdUserEmail)\u001b[33m;\u001b[39m\n     \u001b[90m 34 |\u001b[39m   })\u001b[33m;\u001b[39m\u001b[0m\n\n      at Object.toEqual (tests/auth.test.js:31:28)\n\n  ● Auth API Endpoints › should login with the registered user\n\n    expect(received).toEqual(expected) // deep equality\n\n    Expected: 200\n    Received: 500\n\n    \u001b[0m \u001b[90m 40 |\u001b[39m     })\u001b[33m;\u001b[39m\n     \u001b[90m 41 |\u001b[39m\n    \u001b[31m\u001b[1m>\u001b[22m\u001b[39m\u001b[90m 42 |\u001b[39m     expect(res\u001b[33m.\u001b[39mstatusCode)\u001b[33m.\u001b[39mtoEqual(\u001b[35m200\u001b[39m)\u001b[33m;\u001b[39m\n     \u001b[90m    |\u001b[39m                            \u001b[31m\u001b[1m^\u001b[22m\u001b[39m\n     \u001b[90m 43 |\u001b[39m     expect(res\u001b[33m.\u001b[39mbody)\u001b[33m.\u001b[39mtoHaveProperty(\u001b[32m\"token\"\u001b[39m)\u001b[33m;\u001b[39m\n     \u001b[90m 44 |\u001b[39m     token \u001b[33m=\u001b[39m res\u001b[33m.\u001b[39mbody\u001b[33m.\u001b[39mtoken\u001b[33m;\u001b[39m \u001b[90m// Save token for next test\u001b[39m\n     \u001b[90m 45 |\u001b[39m   })\u001b[33m;\u001b[39m\u001b[0m\n\n      at Object.toEqual (tests/auth.test.js:42:28)\n\n  ● Auth API Endpoints › should access protected route /auth/me\n\n    expect(received).toEqual(expected) // deep equality\n\n    Expected: 200\n    Received: 500\n\n    \u001b[0m \u001b[90m 50 |\u001b[39m       \u001b[33m.\u001b[39m\u001b[36mset\u001b[39m(\u001b[32m\"Authorization\"\u001b[39m\u001b[33m,\u001b[39m \u001b[32m`Bearer ${token}`\u001b[39m)\u001b[33m;\u001b[39m\n     \u001b[90m 51 |\u001b[39m\n    \u001b[31m\u001b[1m>\u001b[22m\u001b[39m\u001b[90m 52 |\u001b[39m     expect(res\u001b[33m.\u001b[39mstatusCode)\u001b[33m.\u001b[39mtoEqual(\u001b[35m200\u001b[39m)\u001b[33m;\u001b[39m\n     \u001b[90m    |\u001b[39m                            \u001b[31m\u001b[1m^\u001b[22m\u001b[39m\n     \u001b[90m 53 |\u001b[39m     expect(res\u001b[33m.\u001b[39mbody\u001b[33m.\u001b[39muser)\u001b[33m.\u001b[39mtoHaveProperty(\u001b[32m\"email\"\u001b[39m\u001b[33m,\u001b[39m createdUserEmail)\u001b[33m;\u001b[39m\n     \u001b[90m 54 |\u001b[39m   })\u001b[33m;\u001b[39m\n     \u001b[90m 55 |\u001b[39m\u001b[0m\n\n      at Object.toEqual (tests/auth.test.js:52:28)\n\n\n  ● Test suite failed to run\n\n    error: password authentication failed for user \"clubhub_dev_db_user\"\n\n    \u001b[0m \u001b[90m 10 |\u001b[39m   afterAll(\u001b[36masync\u001b[39m () \u001b[33m=>\u001b[39m {\n     \u001b[90m 11 |\u001b[39m     \u001b[36mif\u001b[39m (createdUserEmail) {\n    \u001b[31m\u001b[1m>\u001b[22m\u001b[39m\u001b[90m 12 |\u001b[39m       \u001b[36mawait\u001b[39m pool\u001b[33m.\u001b[39mquery(\u001b[32m\"DELETE FROM users WHERE email = $1\"\u001b[39m\u001b[33m,\u001b[39m [\n     \u001b[90m    |\u001b[39m       \u001b[31m\u001b[1m^\u001b[22m\u001b[39m\n     \u001b[90m 13 |\u001b[39m         createdUserEmail\u001b[33m,\u001b[39m\n     \u001b[90m 14 |\u001b[39m       ])\u001b[33m;\u001b[39m\n     \u001b[90m 15 |\u001b[39m     }\u001b[0m\n\n      at node_modules/pg-pool/index.js:45:11\n      at Object.<anonymous> (tests/auth.test.js:12:7)\n","name":"C:\\Users\\Dell\\Documents\\elitepro\\clubhub\\backend\\tests\\auth.test.js","startTime":1775071967893,"status":"failed","summary":""},{"assertionResults":[{"ancestorTitles":["Full System Integration Flow"],"duration":7,"failing":false,"failureDetails":[{"length":115,"name":"error","severity":"FATAL","code":"28P01","file":"auth.c","line":"320","routine":"auth_failed"}],"failureMessages":["error: password authentication failed for user \"clubhub_dev_db_user\"\n    at C:\\Users\\Dell\\Documents\\elitepro\\clubhub\\backend\\node_modules\\pg-pool\\index.js:45:11\n    at processTicksAndRejections (node:internal/process/task_queues:95:5)\n    at Object.<anonymous> (C:\\Users\\Dell\\Documents\\elitepro\\clubhub\\backend\\tests\\full-flow.test.js:28:7)"],"fullName":"Full System Integration Flow 1. Register Organization Admin","invocations":1,"location":null,"numPassingAsserts":0,"retryReasons":[],"startAt":1775071965290,"status":"failed","title":"1. Register Organization Admin"},{"ancestorTitles":["Full System Integration Flow"],"duration":0,"failing":false,"failureDetails":[{"length":115,"name":"error","severity":"FATAL","code":"28P01","file":"auth.c","line":"320","routine":"auth_failed"}],"failureMessages":["error: password authentication failed for user \"clubhub_dev_db_user\"\n    at C:\\Users\\Dell\\Documents\\elitepro\\clubhub\\backend\\node_modules\\pg-pool\\index.js:45:11\n    at processTicksAndRejections (node:internal/process/task_queues:95:5)\n    at Object.<anonymous> (C:\\Users\\Dell\\Documents\\elitepro\\clubhub\\backend\\tests\\full-flow.test.js:28:7)"],"fullName":"Full System Integration Flow 2. Create Club (Onboarding)","invocations":1,"location":null,"numPassingAsserts":0,"retryReasons":[],"startAt":1775071965299,"status":"failed","title":"2. Create Club (Onboarding)"},{"ancestorTitles":["Full System Integration Flow"],"duration":1,"failing":false,"failureDetails":[{"length":115,"name":"error","severity":"FATAL","code":"28P01","file":"auth.c","line":"320","routine":"auth_failed"}],"failureMessages":["error: password authentication failed for user \"clubhub_dev_db_user\"\n    at C:\\Users\\Dell\\Documents\\elitepro\\clubhub\\backend\\node_modules\\pg-pool\\index.js:45:11\n    at processTicksAndRejections (node:internal/process/task_queues:95:5)\n    at Object.<anonymous> (C:\\Users\\Dell\\Documents\\elitepro\\clubhub\\backend\\tests\\full-flow.test.js:28:7)"],"fullName":"Full System Integration Flow 3. Create Team","invocations":1,"location":null,"numPassingAsserts":0,"retryReasons":[],"startAt":1775071965300,"status":"failed","title":"3. Create Team"},{"ancestorTitles":["Full System Integration Flow"],"duration":0,"failing":false,"failureDetails":[{"length":115,"name":"error","severity":"FATAL","code":"28P01","file":"auth.c","line":"320","routine":"auth_failed"}],"failureMessages":["error: password authentication failed for user \"clubhub_dev_db_user\"\n    at C:\\Users\\Dell\\Documents\\elitepro\\clubhub\\backend\\node_modules\\pg-pool\\index.js:45:11\n    at processTicksAndRejections (node:internal/process/task_queues:95:5)\n    at Object.<anonymous> (C:\\Users\\Dell\\Documents\\elitepro\\clubhub\\backend\\tests\\full-flow.test.js:28:7)"],"fullName":"Full System Integration Flow 4. Create Player","invocations":1,"location":null,"numPassingAsserts":0,"retryReasons":[],"startAt":1775071965301,"status":"failed","title":"4. Create Player"},{"ancestorTitles":["Full System Integration Flow"],"duration":1,"failing":false,"failureDetails":[{"length":115,"name":"error","severity":"FATAL","code":"28P01","file":"auth.c","line":"320","routine":"auth_failed"}],"failureMessages":["error: password authentication failed for user \"clubhub_dev_db_user\"\n    at C:\\Users\\Dell\\Documents\\elitepro\\clubhub\\backend\\node_modules\\pg-pool\\index.js:45:11\n    at processTicksAndRejections (node:internal/process/task_queues:95:5)\n    at Object.<anonymous> (C:\\Users\\Dell\\Documents\\elitepro\\clubhub\\backend\\tests\\full-flow.test.js:28:7)"],"fullName":"Full System Integration Flow 5. Assign Player to Team","invocations":1,"location":null,"numPassingAsserts":0,"retryReasons":[],"startAt":1775071965301,"status":"failed","title":"5. Assign Player to Team"},{"ancestorTitles":["Full System Integration Flow"],"duration":0,"failing":false,"failureDetails":[{"length":115,"name":"error","severity":"FATAL","code":"28P01","file":"auth.c","line":"320","routine":"auth_failed"}],"failureMessages":["error: password authentication failed for user \"clubhub_dev_db_user\"\n    at C:\\Users\\Dell\\Documents\\elitepro\\clubhub\\backend\\node_modules\\pg-pool\\index.js:45:11\n    at processTicksAndRejections (node:internal/process/task_queues:95:5)\n    at Object.<anonymous> (C:\\Users\\Dell\\Documents\\elitepro\\clubhub\\backend\\tests\\full-flow.test.js:28:7)"],"fullName":"Full System Integration Flow 6. Create Event (Match)","invocations":1,"location":null,"numPassingAsserts":0,"retryReasons":[],"startAt":1775071965302,"status":"failed","title":"6. Create Event (Match)"},{"ancestorTitles":["Full System Integration Flow"],"duration":0,"failing":false,"failureDetails":[{"length":115,"name":"error","severity":"FATAL","code":"28P01","file":"auth.c","line":"320","routine":"auth_failed"}],"failureMessages":["error: password authentication failed for user \"clubhub_dev_db_user\"\n    at C:\\Users\\Dell\\Documents\\elitepro\\clubhub\\backend\\node_modules\\pg-pool\\index.js:45:11\n    at processTicksAndRejections (node:internal/process/task_queues:95:5)\n    at Object.<anonymous> (C:\\Users\\Dell\\Documents\\elitepro\\clubhub\\backend\\tests\\full-flow.test.js:28:7)"],"fullName":"Full System Integration Flow 7. Super Admin Visibility (Activity Feed)","invocations":1,"location":null,"numPassingAsserts":0,"retryReasons":[],"startAt":1775071965302,"status":"failed","title":"7. Super Admin Visibility (Activity Feed)"},{"ancestorTitles":["Full System Integration Flow"],"duration":0,"failing":false,"failureDetails":[{"length":115,"name":"error","severity":"FATAL","code":"28P01","file":"auth.c","line":"320","routine":"auth_failed"}],"failureMessages":["error: password authentication failed for user \"clubhub_dev_db_user\"\n    at C:\\Users\\Dell\\Documents\\elitepro\\clubhub\\backend\\node_modules\\pg-pool\\index.js:45:11\n    at processTicksAndRejections (node:internal/process/task_queues:95:5)\n    at Object.<anonymous> (C:\\Users\\Dell\\Documents\\elitepro\\clubhub\\backend\\tests\\full-flow.test.js:28:7)"],"fullName":"Full System Integration Flow 8. Stripe Connection Simulation","invocations":1,"location":null,"numPassingAsserts":0,"retryReasons":[],"startAt":1775071965303,"status":"failed","title":"8. Stripe Connection Simulation"}],"endTime":1775071965371,"message":"  ● Full System Integration Flow › 1. Register Organization Admin\n\n    error: password authentication failed for user \"clubhub_dev_db_user\"\n\n    \u001b[0m \u001b[90m 26 |\u001b[39m     \u001b[90m// Ensure we are connected to the test database\u001b[39m\n     \u001b[90m 27 |\u001b[39m     \u001b[36mtry\u001b[39m {\n    \u001b[31m\u001b[1m>\u001b[22m\u001b[39m\u001b[90m 28 |\u001b[39m       \u001b[36mawait\u001b[39m pool\u001b[33m.\u001b[39mquery(\u001b[32m\"SELECT 1\"\u001b[39m)\u001b[33m;\u001b[39m\n     \u001b[90m    |\u001b[39m       \u001b[31m\u001b[1m^\u001b[22m\u001b[39m\n     \u001b[90m 29 |\u001b[39m     } \u001b[36mcatch\u001b[39m (err) {\n     \u001b[90m 30 |\u001b[39m       console\u001b[33m.\u001b[39merror(\u001b[32m\"DB Connection Failed:\"\u001b[39m\u001b[33m,\u001b[39m err)\u001b[33m;\u001b[39m\n     \u001b[90m 31 |\u001b[39m       \u001b[36mthrow\u001b[39m err\u001b[33m;\u001b[39m\u001b[0m\n\n      at node_modules/pg-pool/index.js:45:11\n      at Object.<anonymous> (tests/full-flow.test.js:28:7)\n\n  ● Full System Integration Flow › 2. Create Club (Onboarding)\n\n    error: password authentication failed for user \"clubhub_dev_db_user\"\n\n    \u001b[0m \u001b[90m 26 |\u001b[39m     \u001b[90m// Ensure we are connected to the test database\u001b[39m\n     \u001b[90m 27 |\u001b[39m     \u001b[36mtry\u001b[39m {\n    \u001b[31m\u001b[1m>\u001b[22m\u001b[39m\u001b[90m 28 |\u001b[39m       \u001b[36mawait\u001b[39m pool\u001b[33m.\u001b[39mquery(\u001b[32m\"SELECT 1\"\u001b[39m)\u001b[33m;\u001b[39m\n     \u001b[90m    |\u001b[39m       \u001b[31m\u001b[1m^\u001b[22m\u001b[39m\n     \u001b[90m 29 |\u001b[39m     } \u001b[36mcatch\u001b[39m (err) {\n     \u001b[90m 30 |\u001b[39m       console\u001b[33m.\u001b[39merror(\u001b[32m\"DB Connection Failed:\"\u001b[39m\u001b[33m,\u001b[39m err)\u001b[33m;\u001b[39m\n     \u001b[90m 31 |\u001b[39m       \u001b[36mthrow\u001b[39m err\u001b[33m;\u001b[39m\u001b[0m\n\n      at node_modules/pg-pool/index.js:45:11\n      at Object.<anonymous> (tests/full-flow.test.js:28:7)\n\n  ● Full System Integration Flow › 3. Create Team\n\n    error: password authentication failed for user \"clubhub_dev_db_user\"\n\n    \u001b[0m \u001b[90m 26 |\u001b[39m     \u001b[90m// Ensure we are connected to the test database\u001b[39m\n     \u001b[90m 27 |\u001b[39m     \u001b[36mtry\u001b[39m {\n    \u001b[31m\u001b[1m>\u001b[22m\u001b[39m\u001b[90m 28 |\u001b[39m       \u001b[36mawait\u001b[39m pool\u001b[33m.\u001b[39mquery(\u001b[32m\"SELECT 1\"\u001b[39m)\u001b[33m;\u001b[39m\n     \u001b[90m    |\u001b[39m       \u001b[31m\u001b[1m^\u001b[22m\u001b[39m\n     \u001b[90m 29 |\u001b[39m     } \u001b[36mcatch\u001b[39m (err) {\n     \u001b[90m 30 |\u001b[39m       console\u001b[33m.\u001b[39merror(\u001b[32m\"DB Connection Failed:\"\u001b[39m\u001b[33m,\u001b[39m err)\u001b[33m;\u001b[39m\n     \u001b[90m 31 |\u001b[39m       \u001b[36mthrow\u001b[39m err\u001b[33m;\u001b[39m\u001b[0m\n\n      at node_modules/pg-pool/index.js:45:11\n      at Object.<anonymous> (tests/full-flow.test.js:28:7)\n\n  ● Full System Integration Flow › 4. Create Player\n\n    error: password authentication failed for user \"clubhub_dev_db_user\"\n\n    \u001b[0m \u001b[90m 26 |\u001b[39m     \u001b[90m// Ensure we are connected to the test database\u001b[39m\n     \u001b[90m 27 |\u001b[39m     \u001b[36mtry\u001b[39m {\n    \u001b[31m\u001b[1m>\u001b[22m\u001b[39m\u001b[90m 28 |\u001b[39m       \u001b[36mawait\u001b[39m pool\u001b[33m.\u001b[39mquery(\u001b[32m\"SELECT 1\"\u001b[39m)\u001b[33m;\u001b[39m\n     \u001b[90m    |\u001b[39m       \u001b[31m\u001b[1m^\u001b[22m\u001b[39m\n     \u001b[90m 29 |\u001b[39m     } \u001b[36mcatch\u001b[39m (err) {\n     \u001b[90m 30 |\u001b[39m       console\u001b[33m.\u001b[39merror(\u001b[32m\"DB Connection Failed:\"\u001b[39m\u001b[33m,\u001b[39m err)\u001b[33m;\u001b[39m\n     \u001b[90m 31 |\u001b[39m       \u001b[36mthrow\u001b[39m err\u001b[33m;\u001b[39m\u001b[0m\n\n      at node_modules/pg-pool/index.js:45:11\n      at Object.<anonymous> (tests/full-flow.test.js:28:7)\n\n  ● Full System Integration Flow › 5. Assign Player to Team\n\n    error: password authentication failed for user \"clubhub_dev_db_user\"\n\n    \u001b[0m \u001b[90m 26 |\u001b[39m     \u001b[90m// Ensure we are connected to the test database\u001b[39m\n     \u001b[90m 27 |\u001b[39m     \u001b[36mtry\u001b[39m {\n    \u001b[31m\u001b[1m>\u001b[22m\u001b[39m\u001b[90m 28 |\u001b[39m       \u001b[36mawait\u001b[39m pool\u001b[33m.\u001b[39mquery(\u001b[32m\"SELECT 1\"\u001b[39m)\u001b[33m;\u001b[39m\n     \u001b[90m    |\u001b[39m       \u001b[31m\u001b[1m^\u001b[22m\u001b[39m\n     \u001b[90m 29 |\u001b[39m     } \u001b[36mcatch\u001b[39m (err) {\n     \u001b[90m 30 |\u001b[39m       console\u001b[33m.\u001b[39merror(\u001b[32m\"DB Connection Failed:\"\u001b[39m\u001b[33m,\u001b[39m err)\u001b[33m;\u001b[39m\n     \u001b[90m 31 |\u001b[39m       \u001b[36mthrow\u001b[39m err\u001b[33m;\u001b[39m\u001b[0m\n\n      at node_modules/pg-pool/index.js:45:11\n      at Object.<anonymous> (tests/full-flow.test.js:28:7)\n\n  ● Full System Integration Flow › 6. Create Event (Match)\n\n    error: password authentication failed for user \"clubhub_dev_db_user\"\n\n    \u001b[0m \u001b[90m 26 |\u001b[39m     \u001b[90m// Ensure we are connected to the test database\u001b[39m\n     \u001b[90m 27 |\u001b[39m     \u001b[36mtry\u001b[39m {\n    \u001b[31m\u001b[1m>\u001b[22m\u001b[39m\u001b[90m 28 |\u001b[39m       \u001b[36mawait\u001b[39m pool\u001b[33m.\u001b[39mquery(\u001b[32m\"SELECT 1\"\u001b[39m)\u001b[33m;\u001b[39m\n     \u001b[90m    |\u001b[39m       \u001b[31m\u001b[1m^\u001b[22m\u001b[39m\n     \u001b[90m 29 |\u001b[39m     } \u001b[36mcatch\u001b[39m (err) {\n     \u001b[90m 30 |\u001b[39m       console\u001b[33m.\u001b[39merror(\u001b[32m\"DB Connection Failed:\"\u001b[39m\u001b[33m,\u001b[39m err)\u001b[33m;\u001b[39m\n     \u001b[90m 31 |\u001b[39m       \u001b[36mthrow\u001b[39m err\u001b[33m;\u001b[39m\u001b[0m\n\n      at node_modules/pg-pool/index.js:45:11\n      at Object.<anonymous> (tests/full-flow.test.js:28:7)\n\n  ● Full System Integration Flow › 7. Super Admin Visibility (Activity Feed)\n\n    error: password authentication failed for user \"clubhub_dev_db_user\"\n\n    \u001b[0m \u001b[90m 26 |\u001b[39m     \u001b[90m// Ensure we are connected to the test database\u001b[39m\n     \u001b[90m 27 |\u001b[39m     \u001b[36mtry\u001b[39m {\n    \u001b[31m\u001b[1m>\u001b[22m\u001b[39m\u001b[90m 28 |\u001b[39m       \u001b[36mawait\u001b[39m pool\u001b[33m.\u001b[39mquery(\u001b[32m\"SELECT 1\"\u001b[39m)\u001b[33m;\u001b[39m\n     \u001b[90m    |\u001b[39m       \u001b[31m\u001b[1m^\u001b[22m\u001b[39m\n     \u001b[90m 29 |\u001b[39m     } \u001b[36mcatch\u001b[39m (err) {\n     \u001b[90m 30 |\u001b[39m       console\u001b[33m.\u001b[39merror(\u001b[32m\"DB Connection Failed:\"\u001b[39m\u001b[33m,\u001b[39m err)\u001b[33m;\u001b[39m\n     \u001b[90m 31 |\u001b[39m       \u001b[36mthrow\u001b[39m err\u001b[33m;\u001b[39m\u001b[0m\n\n      at node_modules/pg-pool/index.js:45:11\n      at Object.<anonymous> (tests/full-flow.test.js:28:7)\n\n  ● Full System Integration Flow › 8. Stripe Connection Simulation\n\n    error: password authentication failed for user \"clubhub_dev_db_user\"\n\n    \u001b[0m \u001b[90m 26 |\u001b[39m     \u001b[90m// Ensure we are connected to the test database\u001b[39m\n     \u001b[90m 27 |\u001b[39m     \u001b[36mtry\u001b[39m {\n    \u001b[31m\u001b[1m>\u001b[22m\u001b[39m\u001b[90m 28 |\u001b[39m       \u001b[36mawait\u001b[39m pool\u001b[33m.\u001b[39mquery(\u001b[32m\"SELECT 1\"\u001b[39m)\u001b[33m;\u001b[39m\n     \u001b[90m    |\u001b[39m       \u001b[31m\u001b[1m^\u001b[22m\u001b[39m\n     \u001b[90m 29 |\u001b[39m     } \u001b[36mcatch\u001b[39m (err) {\n     \u001b[90m 30 |\u001b[39m       console\u001b[33m.\u001b[39merror(\u001b[32m\"DB Connection Failed:\"\u001b[39m\u001b[33m,\u001b[39m err)\u001b[33m;\u001b[39m\n     \u001b[90m 31 |\u001b[39m       \u001b[36mthrow\u001b[39m err\u001b[33m;\u001b[39m\u001b[0m\n\n      at node_modules/pg-pool/index.js:45:11\n      at Object.<anonymous> (tests/full-flow.test.js:28:7)\n","name":"C:\\Users\\Dell\\Documents\\elitepro\\clubhub\\backend\\tests\\full-flow.test.js","startTime":1775071959514,"status":"failed","summary":""},{"assertionResults":[{"ancestorTitles":["Auth Access Control"],"duration":7,"failing":false,"failureDetails":[{}],"failureMessages":["Error: Setup failed\n    at Object.<anonymous> (C:\\Users\\Dell\\Documents\\elitepro\\clubhub\\backend\\tests\\auth-access.test.js:30:13)\n    at processTicksAndRejections (node:internal/process/task_queues:95:5)"],"fullName":"Auth Access Control should prevent login when user is deactivated","invocations":1,"location":null,"numPassingAsserts":0,"retryReasons":[],"startAt":1775071965405,"status":"failed","title":"should prevent login when user is deactivated"},{"ancestorTitles":["Auth Access Control"],"duration":0,"failing":false,"failureDetails":[{}],"failureMessages":["Error: Setup failed\n    at Object.<anonymous> (C:\\Users\\Dell\\Documents\\elitepro\\clubhub\\backend\\tests\\auth-access.test.js:30:13)\n    at processTicksAndRejections (node:internal/process/task_queues:95:5)"],"fullName":"Auth Access Control should allow login when user is re-activated","invocations":1,"location":null,"numPassingAsserts":0,"retryReasons":[],"startAt":1775071965414,"status":"failed","title":"should allow login when user is re-activated"}],"endTime":1775071965465,"message":"  ● Auth Access Control › should prevent login when user is deactivated\n\n    Setup failed\n\n    \u001b[0m \u001b[90m 28 |\u001b[39m     \u001b[36mif\u001b[39m (res\u001b[33m.\u001b[39mstatusCode \u001b[33m!==\u001b[39m \u001b[35m201\u001b[39m) {\n     \u001b[90m 29 |\u001b[39m       console\u001b[33m.\u001b[39merror(\u001b[32m\"Setup failed: Could not register user\"\u001b[39m\u001b[33m,\u001b[39m res\u001b[33m.\u001b[39mbody)\u001b[33m;\u001b[39m\n    \u001b[31m\u001b[1m>\u001b[22m\u001b[39m\u001b[90m 30 |\u001b[39m       \u001b[36mthrow\u001b[39m \u001b[36mnew\u001b[39m \u001b[33mError\u001b[39m(\u001b[32m\"Setup failed\"\u001b[39m)\u001b[33m;\u001b[39m\n     \u001b[90m    |\u001b[39m             \u001b[31m\u001b[1m^\u001b[22m\u001b[39m\n     \u001b[90m 31 |\u001b[39m     }\n     \u001b[90m 32 |\u001b[39m     userId \u001b[33m=\u001b[39m res\u001b[33m.\u001b[39mbody\u001b[33m.\u001b[39muser\u001b[33m.\u001b[39mid\u001b[33m;\u001b[39m\n     \u001b[90m 33 |\u001b[39m   })\u001b[33m;\u001b[39m\u001b[0m\n\n      at Object.<anonymous> (tests/auth-access.test.js:30:13)\n\n  ● Auth Access Control › should allow login when user is re-activated\n\n    Setup failed\n\n    \u001b[0m \u001b[90m 28 |\u001b[39m     \u001b[36mif\u001b[39m (res\u001b[33m.\u001b[39mstatusCode \u001b[33m!==\u001b[39m \u001b[35m201\u001b[39m) {\n     \u001b[90m 29 |\u001b[39m       console\u001b[33m.\u001b[39merror(\u001b[32m\"Setup failed: Could not register user\"\u001b[39m\u001b[33m,\u001b[39m res\u001b[33m.\u001b[39mbody)\u001b[33m;\u001b[39m\n    \u001b[31m\u001b[1m>\u001b[22m\u001b[39m\u001b[90m 30 |\u001b[39m       \u001b[36mthrow\u001b[39m \u001b[36mnew\u001b[39m \u001b[33mError\u001b[39m(\u001b[32m\"Setup failed\"\u001b[39m)\u001b[33m;\u001b[39m\n     \u001b[90m    |\u001b[39m             \u001b[31m\u001b[1m^\u001b[22m\u001b[39m\n     \u001b[90m 31 |\u001b[39m     }\n     \u001b[90m 32 |\u001b[39m     userId \u001b[33m=\u001b[39m res\u001b[33m.\u001b[39mbody\u001b[33m.\u001b[39muser\u001b[33m.\u001b[39mid\u001b[33m;\u001b[39m\n     \u001b[90m 33 |\u001b[39m   })\u001b[33m;\u001b[39m\u001b[0m\n\n      at Object.<anonymous> (tests/auth-access.test.js:30:13)\n","name":"C:\\Users\\Dell\\Documents\\elitepro\\clubhub\\backend\\tests\\auth-access.test.js","startTime":1775071959493,"status":"failed","summary":""},{"assertionResults":[{"ancestorTitles":["Platform Admin - Search Stripe Link"],"duration":253,"failing":false,"failureDetails":[],"failureMessages":[],"fullName":"Platform Admin - Search Stripe Link Onboard NEW Club but EXISTING Stripe Account links automatically via Search","invocations":1,"location":null,"numPassingAsserts":4,"retryReasons":[],"startAt":1775071966177,"status":"passed","title":"Onboard NEW Club but EXISTING Stripe Account links automatically via Search"}],"endTime":1775071966433,"message":"","name":"C:\\Users\\Dell\\Documents\\elitepro\\clubhub\\backend\\tests\\feature-onboard-search-stripe.test.js","startTime":1775071965221,"status":"passed","summary":""},{"assertionResults":[{"ancestorTitles":["Platform Admin - Existing Stripe Link"],"duration":120,"failing":false,"failureDetails":[],"failureMessages":[],"fullName":"Platform Admin - Existing Stripe Link Onboard Club with Existing User Auto-Links Stripe Account","invocations":1,"location":null,"numPassingAsserts":4,"retryReasons":[],"startAt":1775071966238,"status":"passed","title":"Onboard Club with Existing User Auto-Links Stripe Account"}],"endTime":1775071966362,"message":"","name":"C:\\Users\\Dell\\Documents\\elitepro\\clubhub\\backend\\tests\\feature-onboard-existing-stripe.test.js","startTime":1775071965235,"status":"passed","summary":""},{"assertionResults":[{"ancestorTitles":["Stripe CRUD Enhancements"],"duration":26,"failing":false,"failureDetails":[],"failureMessages":[],"fullName":"Stripe CRUD Enhancements 1. GET /stripe/connect/status triggers Auto-Sync if 0 plans","invocations":1,"location":null,"numPassingAsserts":4,"retryReasons":[],"startAt":1775071966703,"status":"passed","title":"1. GET /stripe/connect/status triggers Auto-Sync if 0 plans"},{"ancestorTitles":["Stripe CRUD Enhancements"],"duration":27,"failing":false,"failureDetails":[],"failureMessages":[],"fullName":"Stripe CRUD Enhancements 2. PUT /plans/:id updates Stripe Product","invocations":1,"location":null,"numPassingAsserts":2,"retryReasons":[],"startAt":1775071966730,"status":"passed","title":"2. PUT /plans/:id updates Stripe Product"},{"ancestorTitles":["Stripe CRUD Enhancements"],"duration":11,"failing":false,"failureDetails":[],"failureMessages":[],"fullName":"Stripe CRUD Enhancements 3. DELETE /plans/:id archives Stripe Product & Price","invocations":1,"location":null,"numPassingAsserts":3,"retryReasons":[],"startAt":1775071966757,"status":"passed","title":"3. DELETE /plans/:id archives Stripe Product & Price"}],"endTime":1775071966770,"message":"","name":"C:\\Users\\Dell\\Documents\\elitepro\\clubhub\\backend\\tests\\feature-stripe-enhancements.test.js","startTime":1775071965651,"status":"passed","summary":""},{"assertionResults":[{"ancestorTitles":["Tournaments API"],"duration":28,"failing":false,"failureDetails":[],"failureMessages":[],"fullName":"Tournaments API should create a new tournament","invocations":1,"location":null,"numPassingAsserts":4,"retryReasons":[],"startAt":1775071966774,"status":"passed","title":"should create a new tournament"},{"ancestorTitles":["Tournaments API"],"duration":7,"failing":false,"failureDetails":[],"failureMessages":[],"fullName":"Tournaments API should fetch a tournament dashboard","invocations":1,"location":null,"numPassingAsserts":4,"retryReasons":[],"startAt":1775071966803,"status":"passed","title":"should fetch a tournament dashboard"},{"ancestorTitles":["Tournaments API"],"duration":6,"failing":false,"failureDetails":[],"failureMessages":[],"fullName":"Tournaments API should upload and update match video","invocations":1,"location":null,"numPassingAsserts":2,"retryReasons":[],"startAt":1775071966810,"status":"passed","title":"should upload and update match video"}],"endTime":1775071966818,"message":"","name":"C:\\Users\\Dell\\Documents\\elitepro\\clubhub\\backend\\tests\\tournaments.test.js","startTime":1775071966187,"status":"passed","summary":""},{"assertionResults":[{"ancestorTitles":["Super Admin & Sync Features (Unit Tests)"],"duration":42,"failing":false,"failureDetails":[],"failureMessages":[],"fullName":"Super Admin & Sync Features (Unit Tests) 1. POST /api/platform-admin/onboard-club - Success","invocations":1,"location":null,"numPassingAsserts":3,"retryReasons":[],"startAt":1775071966828,"status":"passed","title":"1. POST /api/platform-admin/onboard-club - Success"},{"ancestorTitles":["Super Admin & Sync Features (Unit Tests)"],"duration":8,"failing":false,"failureDetails":[],"failureMessages":[],"fullName":"Super Admin & Sync Features (Unit Tests) 2. POST /api/payments/plans/import - Success","invocations":1,"location":null,"numPassingAsserts":3,"retryReasons":[],"startAt":1775071966871,"status":"passed","title":"2. POST /api/payments/plans/import - Success"}],"endTime":1775071966881,"message":"","name":"C:\\Users\\Dell\\Documents\\elitepro\\clubhub\\backend\\tests\\feature-super-admin-sync.test.js","startTime":1775071965877,"status":"passed","summary":""}],"wasInterrupted":false}
